-------------------------------------------------------------------------------
Test set: starter.CucumberTestSuite
-------------------------------------------------------------------------------
Tests run: 17, Failures: 2, Errors: 0, Skipped: 0, Time elapsed: 14.784 s <<< FAILURE! - in starter.CucumberTestSuite
Register an account with valid input(Login to Account)  Time elapsed: 0.712 s  <<< FAILURE!
java.lang.AssertionError: 
1 expectation failed.
Expected status code <200> but was <400>.


User creates an order with invalid details(Create Order API)  Time elapsed: 0.153 s  <<< FAILURE!
java.lang.AssertionError: 
1 expectation failed.
Expected status code <400> but was <200>.


