<?xml version="1.0" encoding="UTF-8"?>
<testsuite xmlns:xsi="http://www.w3.org/2001/XMLSchema-instance" xsi:noNamespaceSchemaLocation="https://maven.apache.org/surefire/maven-failsafe-plugin/xsd/failsafe-test-report.xsd" name="starter.CucumberTestSuite" time="14.784" tests="17" errors="0" skipped="0" failures="2">
  <properties>
[...]
</properties>
  <testcase name="(Get All User Information)" classname="Get All User Information" time="2.839"/>
  <testcase name="Register an account with valid input" classname="Login to Account" time="0.712">
    <failure message="1 expectation failed.&#10;Expected status code &lt;200&gt; but was &lt;400&gt;.&#10;" type="java.lang.AssertionError"><![CDATA[java.lang.AssertionError: 
1 expectation failed.
Expected status code <200> but was <400>.

]]></failure>
    <system-out><![CDATA[21:56:43.706 [main] DEBUG io.cucumber.core.plugin.SerenityReporter -- Running feature from file:///home/hafidz/Documents/Belajar/Alterra_Qualiry_Engineer/QE_Muhammad_Hafidz/Miniproject/Restful%20API%20Testing/Test/src/test/resources/features/api/util/Authentication/Login.feature
21:56:43.710 [main] DEBUG net.thucydides.core.steps.StepEventBus -- Test suite started for story net.thucydides.model.domain.Story@4f952940
21:56:43.711 [main] INFO  -- Test Suite Started: Login to Account

Scenario: Register an account with valid input &amp#27;[90m# src/test/resources/features/api/util/Authentication/Login.feature:6&amp#27;[0m
21:56:43.726 [main] DEBUG io.cucumber.core.plugin.SerenityReporter -- Running feature from file:///home/hafidz/Documents/Belajar/Alterra_Qualiry_Engineer/QE_Muhammad_Hafidz/Miniproject/Restful%20API%20Testing/Test/src/test/resources/features/api/util/Authentication/Login.feature
21:56:43.729 [main] INFO  -- 
  _____   ___   ___   _____     ___   _____     _     ___   _____   ___   ___  
 |_   _| | __| / __| |_   _|   / __| |_   _|   /_\   | _ \ |_   _| | __| |   \ 
   | |   | _|  \__ \   | |     \__ \   | |    / _ \  |   /   | |   | _|  | |) |
   |_|   |___| |___/   |_|     |___/   |_|   /_/ \_\ |_|_\   |_|   |___| |___/ 

Register an account with valid input(login-to-account;register-an-account-with-valid-input)
--------------------------------------------------------------------------------
  &amp#27;[32mGiven &amp#27;[0m&amp#27;[32mI set on the Login endpoint&amp#27;[0m            &amp#27;[90m# starter.stepdefinitions.Authentication.P_Login.ISetOnTheLoginEndpoint()&amp#27;[0m
21:56:43.807 [main] DEBUG net.thucydides.core.steps.StepInterceptor -- STARTING STEP: P_Login.ISendValidEmailAndValidInput - ISendToServerLoginPostWithValidPassword
21:56:44.333 [main] DEBUG net.thucydides.core.steps.StepInterceptor -- STEP DONE: ISendToServerLoginPostWithValidPassword
  &amp#27;[32mWhen &amp#27;[0m&amp#27;[32mI send valid email and valid input&amp#27;[0m      &amp#27;[90m# starter.stepdefinitions.Authentication.P_Login.ISendValidEmailAndValidInput()&amp#27;[0m
21:56:44.346 [main] DEBUG net.thucydides.core.steps.StepInterceptor -- STARTING STEP: P_GetAllProducts.i_receive_status_code_200 - responseCode200
  &amp#27;[31mAnd &amp#27;[0m&amp#27;[31mI receive status code 200&amp#27;[0m                &amp#27;[90m# starter.stepdefinitions.Product.P_GetAllProducts.i_receive_status_code_200()&amp#27;[0m
      &amp#27;[31mjava.lang.AssertionError: 1 expectation failed.
Expected status code <200> but was <400>.

	at java.base/jdk.internal.reflect.NativeConstructorAccessorImpl.newInstance0(Native Method)
	at java.base/jdk.internal.reflect.NativeConstructorAccessorImpl.newInstance(NativeConstructorAccessorImpl.java:77)
	at java.base/jdk.internal.reflect.DelegatingConstructorAccessorImpl.newInstance(DelegatingConstructorAccessorImpl.java:45)
	at java.base/java.lang.reflect.Constructor.newInstanceWithCaller(Constructor.java:499)
	at java.base/java.lang.reflect.Constructor.newInstance(Constructor.java:480)
	at org.codehaus.groovy.reflection.CachedConstructor.invoke(CachedConstructor.java:73)
	at org.codehaus.groovy.runtime.callsite.ConstructorSite$ConstructorSiteNoUnwrapNoCoerce.callConstructor(ConstructorSite.java:108)
	at org.codehaus.groovy.runtime.callsite.CallSiteArray.defaultCallConstructor(CallSiteArray.java:57)
	at org.codehaus.groovy.runtime.callsite.AbstractCallSite.callConstructor(AbstractCallSite.java:263)
	at org.codehaus.groovy.runtime.callsite.AbstractCallSite.callConstructor(AbstractCallSite.java:277)
	at io.restassured.internal.ResponseSpecificationImpl$HamcrestAssertionClosure.validate(ResponseSpecificationImpl.groovy:512)
	at io.restassured.internal.ResponseSpecificationImpl$HamcrestAssertionClosure$validate$2.call(Unknown Source)
	at org.codehaus.groovy.runtime.callsite.CallSiteArray.defaultCall(CallSiteArray.java:45)
	at org.codehaus.groovy.runtime.callsite.AbstractCallSite.call(AbstractCallSite.java:125)
	at org.codehaus.groovy.runtime.callsite.AbstractCallSite.call(AbstractCallSite.java:139)
	at io.restassured.internal.ResponseSpecificationImpl.validateResponseIfRequired(ResponseSpecificationImpl.groovy:696)
	at io.restassured.internal.ResponseSpecificationImpl.this$2$validateResponseIfRequired(ResponseSpecificationImpl.groovy)
	at java.base/jdk.internal.reflect.NativeMethodAccessorImpl.invoke0(Native Method)
	at java.base/jdk.internal.reflect.NativeMethodAccessorImpl.invoke(NativeMethodAccessorImpl.java:77)
	at java.base/jdk.internal.reflect.DelegatingMethodAccessorImpl.invoke(DelegatingMethodAccessorImpl.java:43)
	at java.base/java.lang.reflect.Method.invoke(Method.java:568)
	at org.codehaus.groovy.runtime.callsite.PlainObjectMetaMethodSite.doInvoke(PlainObjectMetaMethodSite.java:43)
	at org.codehaus.groovy.runtime.callsite.PogoMetaMethodSite$PogoCachedMethodSiteNoUnwrapNoCoerce.invoke(PogoMetaMethodSite.java:198)
	at org.codehaus.groovy.runtime.callsite.PogoMetaMethodSite.callCurrent(PogoMetaMethodSite.java:62)
	at org.codehaus.groovy.runtime.callsite.CallSiteArray.defaultCallCurrent(CallSiteArray.java:49)
	at org.codehaus.groovy.runtime.callsite.AbstractCallSite.callCurrent(AbstractCallSite.java:171)
	at org.codehaus.groovy.runtime.callsite.AbstractCallSite.callCurrent(AbstractCallSite.java:185)
	at io.restassured.internal.ResponseSpecificationImpl.statusCode(ResponseSpecificationImpl.groovy:135)
	at io.restassured.specification.ResponseSpecification$statusCode$0.callCurrent(Unknown Source)
	at org.codehaus.groovy.runtime.callsite.CallSiteArray.defaultCallCurrent(CallSiteArray.java:49)
	at org.codehaus.groovy.runtime.callsite.AbstractCallSite.callCurrent(AbstractCallSite.java:171)
	at org.codehaus.groovy.runtime.callsite.AbstractCallSite.callCurrent(AbstractCallSite.java:185)
	at io.restassured.internal.ResponseSpecificationImpl.statusCode(ResponseSpecificationImpl.groovy:143)
	at io.restassured.internal.ValidatableResponseOptionsImpl.statusCode(ValidatableResponseOptionsImpl.java:89)
	at starter.user.Product.ResponseProduct.lambda$responseCode200$0(ResponseProduct.java:13)
	at net.serenitybdd.rest.SerenityRest.restAssuredThat(SerenityRest.java:626)
	at starter.user.Product.ResponseProduct.responseCode200(ResponseProduct.java:13)
	at starter.user.Product.ResponseProduct$ByteBuddy$2mgMarsU.responseCode200$accessor$O06GofdO(Unknown Source)
	at java.base/jdk.internal.reflect.NativeMethodAccessorImpl.invoke0(Native Method)
	at java.base/jdk.internal.reflect.NativeMethodAccessorImpl.invoke(NativeMethodAccessorImpl.java:77)
	at java.base/jdk.internal.reflect.DelegatingMethodAccessorImpl.invoke(DelegatingMethodAccessorImpl.java:43)
	at java.base/java.lang.reflect.Method.invoke(Method.java:568)
	at net.thucydides.core.steps.StepInterceptor.invokeMethod(StepInterceptor.java:524)
	at net.thucydides.core.steps.StepInterceptor.executeTestStepMethod(StepInterceptor.java:504)
	at net.thucydides.core.steps.StepInterceptor.runTestStep(StepInterceptor.java:476)
	at net.thucydides.core.steps.StepInterceptor.runOrSkipMethod(StepInterceptor.java:218)
	at net.thucydides.core.steps.StepInterceptor.testStepResult(StepInterceptor.java:205)
	at net.thucydides.core.steps.StepInterceptor.intercept(StepInterceptor.java:93)
	at net.thucydides.core.steps.ProxyConfiguration$InterceptorDispatcher.intercept(ProxyConfiguration.java:51)
	at starter.user.Product.ResponseProduct$ByteBuddy$2mgMarsU.responseCode200(Unknown Source)
	at starter.stepdefinitions.Product.P_GetAllProducts.i_receive_status_code_200(P_GetAllProducts.java:30)
	at ✽.I receive status code 200(file:///home/hafidz/Documents/Belajar/Alterra_Qualiry_Engineer/QE_Muhammad_Hafidz/Miniproject/Restful%20API%20Testing/Test/src/test/resources/features/api/util/Authentication/Login.feature:9)
&amp#27;[0m
  &amp#27;[36mThen &amp#27;[0m&amp#27;[36mMy account is Logged&amp#27;[0m                    &amp#27;[90m# starter.stepdefinitions.Authentication.P_Login.MyAccountIsLogged()&amp#27;[0m
]]></system-out>
  </testcase>
  <testcase name="Register an account with valid email and invalid password" classname="Login to Account" time="5.697"/>
  <testcase name="Register an account with valid input and valid fullname" classname="Register to Account" time="0.492"/>
  <testcase name="Register an account with valid email and invalid password and valid fullname" classname="Register to Account" time="0.186"/>
  <testcase name="User creates an order with valid details" classname="Create Order API" time="0.305"/>
  <testcase name="User creates an order with invalid details" classname="Create Order API" time="0.153">
    <failure message="1 expectation failed.&#10;Expected status code &lt;400&gt; but was &lt;200&gt;.&#10;" type="java.lang.AssertionError"><![CDATA[java.lang.AssertionError: 
1 expectation failed.
Expected status code <400> but was <200>.

]]></failure>
    <system-out><![CDATA[
Scenario: User creates an order with invalid details                          &amp#27;[90m# src/test/resources/features/api/util/Orders/CreateAnOrder.feature:11&amp#27;[0m
21:56:51.148 [main] DEBUG io.cucumber.core.plugin.SerenityReporter -- Running feature from file:///home/hafidz/Documents/Belajar/Alterra_Qualiry_Engineer/QE_Muhammad_Hafidz/Miniproject/Restful%20API%20Testing/Test/src/test/resources/features/api/util/Orders/CreateAnOrder.feature
21:56:51.150 [main] INFO  -- 
  _____   ___   ___   _____     ___   _____     _     ___   _____   ___   ___  
 |_   _| | __| / __| |_   _|   / __| |_   _|   /_\   | _ \ |_   _| | __| |   \ 
   | |   | _|  \__ \   | |     \__ \   | |    / _ \  |   /   | |   | _|  | |) |
   |_|   |___| |___/   |_|     |___/   |_|   /_/ \_\ |_|_\   |_|   |___| |___/ 

User creates an order with invalid details(create-order-api;user-creates-an-order-with-invalid-details)
--------------------------------------------------------------------------------
  &amp#27;[32mGiven &amp#27;[0m&amp#27;[32mI have set order on point&amp#27;[0m                                             &amp#27;[90m# starter.stepdefinitions.Order.P_CreateAnOrder.iHaveSetOrderOnPoint()&amp#27;[0m
21:56:51.159 [main] DEBUG net.thucydides.core.steps.StepInterceptor -- STARTING STEP: P_CreateAnOrder.iSendAPostRequestToTheOrderCreationEndpointWithInvalidData - sendInvalidOrderToServer
21:56:51.162 [main] DEBUG net.thucydides.core.steps.StepInterceptor -- STARTING STEP: CreateAnOrder.sendInvalidOrderToServer - setValidAPIOnPoint
21:56:51.163 [main] DEBUG net.thucydides.core.steps.StepInterceptor -- STEP DONE: setValidAPIOnPoint
21:56:51.276 [main] DEBUG net.thucydides.core.steps.StepInterceptor -- STEP DONE: sendInvalidOrderToServer
  &amp#27;[32mWhen &amp#27;[0m&amp#27;[32mI send a POST request to the order creation endpoint with invalid data&amp#27;[0m &amp#27;[90m# starter.stepdefinitions.Order.P_CreateAnOrder.iSendAPostRequestToTheOrderCreationEndpointWithInvalidData()&amp#27;[0m
21:56:51.282 [main] DEBUG net.thucydides.core.steps.StepInterceptor -- STARTING STEP: P_CreateARating.IReceiveStatusCode400 - responseCode400
  &amp#27;[31mThen &amp#27;[0m&amp#27;[31mI receive status code 400&amp#27;[0m                                              &amp#27;[90m# starter.stepdefinitions.Product.P_CreateARating.IReceiveStatusCode400()&amp#27;[0m
      &amp#27;[31mjava.lang.AssertionError: 1 expectation failed.
Expected status code <400> but was <200>.

	at java.base/jdk.internal.reflect.NativeConstructorAccessorImpl.newInstance0(Native Method)
	at java.base/jdk.internal.reflect.NativeConstructorAccessorImpl.newInstance(NativeConstructorAccessorImpl.java:77)
	at java.base/jdk.internal.reflect.DelegatingConstructorAccessorImpl.newInstance(DelegatingConstructorAccessorImpl.java:45)
	at java.base/java.lang.reflect.Constructor.newInstanceWithCaller(Constructor.java:499)
	at java.base/java.lang.reflect.Constructor.newInstance(Constructor.java:480)
	at org.codehaus.groovy.reflection.CachedConstructor.invoke(CachedConstructor.java:73)
	at org.codehaus.groovy.runtime.callsite.ConstructorSite$ConstructorSiteNoUnwrapNoCoerce.callConstructor(ConstructorSite.java:108)
	at org.codehaus.groovy.runtime.callsite.AbstractCallSite.callConstructor(AbstractCallSite.java:277)
	at io.restassured.internal.ResponseSpecificationImpl$HamcrestAssertionClosure.validate(ResponseSpecificationImpl.groovy:512)
	at io.restassured.internal.ResponseSpecificationImpl$HamcrestAssertionClosure$validate$2.call(Unknown Source)
	at io.restassured.internal.ResponseSpecificationImpl.validateResponseIfRequired(ResponseSpecificationImpl.groovy:696)
	at io.restassured.internal.ResponseSpecificationImpl.this$2$validateResponseIfRequired(ResponseSpecificationImpl.groovy)
	at jdk.internal.reflect.GeneratedMethodAccessor86.invoke(Unknown Source)
	at java.base/jdk.internal.reflect.DelegatingMethodAccessorImpl.invoke(DelegatingMethodAccessorImpl.java:43)
	at java.base/java.lang.reflect.Method.invoke(Method.java:568)
	at org.codehaus.groovy.runtime.callsite.PlainObjectMetaMethodSite.doInvoke(PlainObjectMetaMethodSite.java:43)
	at org.codehaus.groovy.runtime.callsite.PogoMetaMethodSite$PogoCachedMethodSiteNoUnwrapNoCoerce.invoke(PogoMetaMethodSite.java:198)
	at org.codehaus.groovy.runtime.callsite.PogoMetaMethodSite.callCurrent(PogoMetaMethodSite.java:62)
	at org.codehaus.groovy.runtime.callsite.AbstractCallSite.callCurrent(AbstractCallSite.java:185)
	at io.restassured.internal.ResponseSpecificationImpl.statusCode(ResponseSpecificationImpl.groovy:135)
	at io.restassured.specification.ResponseSpecification$statusCode$0.callCurrent(Unknown Source)
	at io.restassured.internal.ResponseSpecificationImpl.statusCode(ResponseSpecificationImpl.groovy:143)
	at io.restassured.internal.ValidatableResponseOptionsImpl.statusCode(ValidatableResponseOptionsImpl.java:89)
	at starter.user.Product.ResponseProduct.lambda$responseCode400$3(ResponseProduct.java:28)
	at net.serenitybdd.rest.SerenityRest.restAssuredThat(SerenityRest.java:626)
	at starter.user.Product.ResponseProduct.responseCode400(ResponseProduct.java:28)
	at starter.user.Product.ResponseProduct$ByteBuddy$2mgMarsU.responseCode400$accessor$O06GofdO(Unknown Source)
	at java.base/jdk.internal.reflect.NativeMethodAccessorImpl.invoke0(Native Method)
	at java.base/jdk.internal.reflect.NativeMethodAccessorImpl.invoke(NativeMethodAccessorImpl.java:77)
	at java.base/jdk.internal.reflect.DelegatingMethodAccessorImpl.invoke(DelegatingMethodAccessorImpl.java:43)
	at java.base/java.lang.reflect.Method.invoke(Method.java:568)
	at net.thucydides.core.steps.StepInterceptor.invokeMethod(StepInterceptor.java:524)
	at net.thucydides.core.steps.StepInterceptor.executeTestStepMethod(StepInterceptor.java:504)
	at net.thucydides.core.steps.StepInterceptor.runTestStep(StepInterceptor.java:476)
	at net.thucydides.core.steps.StepInterceptor.runOrSkipMethod(StepInterceptor.java:218)
	at net.thucydides.core.steps.StepInterceptor.testStepResult(StepInterceptor.java:205)
	at net.thucydides.core.steps.StepInterceptor.intercept(StepInterceptor.java:93)
	at net.thucydides.core.steps.ProxyConfiguration$InterceptorDispatcher.intercept(ProxyConfiguration.java:51)
	at starter.user.Product.ResponseProduct$ByteBuddy$2mgMarsU.responseCode400(Unknown Source)
	at starter.stepdefinitions.Product.P_CreateARating.IReceiveStatusCode400(P_CreateARating.java:35)
	at ✽.I receive status code 400(file:///home/hafidz/Documents/Belajar/Alterra_Qualiry_Engineer/QE_Muhammad_Hafidz/Miniproject/Restful%20API%20Testing/Test/src/test/resources/features/api/util/Orders/CreateAnOrder.feature:14)
&amp#27;[0m
  &amp#27;[36mAnd &amp#27;[0m&amp#27;[36mthe order should not be created in the database&amp#27;[0m                         &amp#27;[90m# starter.stepdefinitions.Order.P_CreateAnOrder.theOrderShouldNotBeCreatedInTheDatabase()&amp#27;[0m
]]></system-out>
  </testcase>
  <testcase name="User creates a rating for a product" classname="Assign a Rating" time="0.201"/>
  <testcase name="User creates a with invalid input" classname="Assign a Rating" time="0.146"/>
  <testcase name="User creates a comment for a product" classname="Comment API" time="0.248"/>
  <testcase name="User creates a with invalid token" classname="Comment API" time="0.174"/>
  <testcase name="Delete a product with valid ID" classname="Delete a product" time="0.121"/>
  <testcase name="Send GET request to retrieve a product with a valid ID" classname="Get a product" time="0.339"/>
  <testcase name="Send GET request to retrieve a product with an invalid ID" classname="Get a product" time="0.167"/>
  <testcase name="Send GET request to get all products" classname="Administrator can get all user" time="1.507"/>
  <testcase name="Send post request to create a product with valid requirement" classname="Create a product with valid input" time="0.198"/>
  <testcase name="Send post request to create a product without name" classname="Create a product with valid input" time="0.135"/>
</testsuite>