<?xml version="1.0" encoding="UTF-8"?>
<testsuite xmlns:xsi="http://www.w3.org/2001/XMLSchema-instance" xsi:noNamespaceSchemaLocation="https://maven.apache.org/surefire/maven-failsafe-plugin/xsd/failsafe-test-report-3.0.xsd" version="3.0" name="starter.CucumberTestSuite" time="45.989" tests="8" errors="1" skipped="0" failures="1">
  <properties>
[...]
</properties>
  <testcase name="I can create a Book with Valid Data" classname="Create Book" time="8.08">
    <system-out><![CDATA[21:52:30.746 [main] DEBUG io.cucumber.core.plugin.SerenityReporter -- Running feature from file:///home/hafidz/Documents/Belajar/Alterra_Qualiry_Engineer/QE_Muhammad_Hafidz/Miniproject/Web%20Testing/src/test/resources/features/CreateABook.feature
21:52:30.790 [main] INFO  -- 

-------------------------------------------------------------------------------------
     _______. _______ .______       _______ .__   __.  __  .___________.____    ____ 
    /       ||   ____||   _  \     |   ____||  \ |  | |  | |           |\   \  /   / 
   |   (----`|  |__   |  |_)  |    |  |__   |   \|  | |  | `---|  |----` \   \/   /  
    \   \    |   __|  |      /     |   __|  |  . `  | |  |     |  |       \_    _/   
.----)   |   |  |____ |  |\  \----.|  |____ |  |\   | |  |     |  |         |  |     
|_______/    |_______|| _| `._____||_______||__| \__| |__|     |__|         |__|    
                                                                                     
 News and tutorials at https://serenity-bdd.info                                     
 Documentation at https://serenity-bdd.github.io                                     
 Test Automation Training and Coaching: https://www.serenity-dojo.com                
 Commercial Support: https://www.serenity-dojo.com/serenity-bdd-enterprise-support   
 Join the Serenity Community on Gitter: https://gitter.im/serenity-bdd/serenity-core 
-------------------------------------------------------------------------------------

21:52:30.794 [main] DEBUG net.thucydides.core.steps.StepEventBus -- Test suite started for story net.thucydides.model.domain.Story@881d65c0
21:52:30.796 [main] INFO  -- Test Suite Started: Create Book
21:52:30.828 [main] DEBUG io.cucumber.core.plugin.SerenityReporter -- Running feature from file:///home/hafidz/Documents/Belajar/Alterra_Qualiry_Engineer/QE_Muhammad_Hafidz/Miniproject/Web%20Testing/src/test/resources/features/DeleteABook.feature
21:52:30.831 [main] DEBUG net.thucydides.core.steps.StepEventBus -- Test suite started for story net.thucydides.model.domain.Story@d9d37be0
21:52:30.831 [main] INFO  -- Test Suite Started: Delete Data
21:52:30.831 [main] DEBUG io.cucumber.core.plugin.SerenityReporter -- Running feature from file:///home/hafidz/Documents/Belajar/Alterra_Qualiry_Engineer/QE_Muhammad_Hafidz/Miniproject/Web%20Testing/src/test/resources/features/EditBook.feature
21:52:30.836 [main] DEBUG net.thucydides.core.steps.StepEventBus -- Test suite started for story net.thucydides.model.domain.Story@69ed8660
21:52:30.836 [main] INFO  -- Test Suite Started: Edit Book
21:52:30.836 [main] DEBUG io.cucumber.core.plugin.SerenityReporter -- Running feature from file:///home/hafidz/Documents/Belajar/Alterra_Qualiry_Engineer/QE_Muhammad_Hafidz/Miniproject/Web%20Testing/src/test/resources/features/ReadInformation.feature
21:52:30.840 [main] DEBUG net.thucydides.core.steps.StepEventBus -- Test suite started for story net.thucydides.model.domain.Story@d25832c0
21:52:30.840 [main] INFO  -- Test Suite Started: Read Information
21:52:30.841 [main] DEBUG io.cucumber.core.plugin.SerenityReporter -- Running feature from file:///home/hafidz/Documents/Belajar/Alterra_Qualiry_Engineer/QE_Muhammad_Hafidz/Miniproject/Web%20Testing/src/test/resources/features/CreateABook.feature
21:52:30.844 [main] DEBUG net.thucydides.core.steps.StepEventBus -- Test suite started for story net.thucydides.model.domain.Story@881d65c0
21:52:30.845 [main] INFO  -- Test Suite Started: Create Book

Scenario: I can create a Book with Valid Data                       &amp#27;[90m# src/test/resources/features/CreateABook.feature:6&amp#27;[0m
21:52:30.912 [main] DEBUG io.cucumber.core.plugin.SerenityReporter -- Running feature from file:///home/hafidz/Documents/Belajar/Alterra_Qualiry_Engineer/QE_Muhammad_Hafidz/Miniproject/Web%20Testing/src/test/resources/features/CreateABook.feature
21:52:30.998 [main] INFO  -- 
  _____   ___   ___   _____     ___   _____     _     ___   _____   ___   ___  
 |_   _| | __| / __| |_   _|   / __| |_   _|   /_\   | _ \ |_   _| | __| |   \ 
   | |   | _|  \__ \   | |     \__ \   | |    / _ \  |   /   | |   | _|  | |) |
   |_|   |___| |___/   |_|     |___/   |_|   /_/ \_\ |_|_\   |_|   |___| |___/ 

I can create a Book with Valid Data(create-book;i-can-create-a-book-with-valid-data)
--------------------------------------------------------------------------------
21:52:31.658 [main] INFO net.serenitybdd.core.webdriver.driverproviders.ChromeDriverProvider -- Starting Chrome driver instance with capabilities:
21:52:31.659 [main] INFO net.serenitybdd.core.webdriver.driverproviders.ChromeDriverProvider -- Capabilities {acceptInsecureCerts: false, browserName: chrome, goog:chromeOptions: {args: [remote-allow-origins=*], extensions: []}}
21:52:34.643 [main] DEBUG net.serenitybdd.core.photography.Darkroom -- Opening darkroom
21:52:34.646 [Darkroom Processing Line] DEBUG net.serenitybdd.core.photography.DarkroomProcessingLine -- Darkroom processing line starting up
21:52:35.289 [main] DEBUG net.serenitybdd.core.photography.Darkroom -- Send negative for processing for /home/hafidz/Documents/Belajar/Alterra_Qualiry_Engineer/QE_Muhammad_Hafidz/Miniproject/Web Testing/target/site/serenity/0ed8c7dee13d741390923ffc5517f5a96660dd8ddca5775da7dd7127c62e299b.png
21:52:35.290 [Darkroom Processing Line] DEBUG net.serenitybdd.core.photography.DarkroomProcessingLine -- Processing screenshot image in /var/screenshots/screenshot-9386228465256932328
21:52:35.291 [Darkroom Processing Line] DEBUG net.serenitybdd.core.photography.DarkroomProcessingLine -- Saving screenshot to /home/hafidz/Documents/Belajar/Alterra_Qualiry_Engineer/QE_Muhammad_Hafidz/Miniproject/Web Testing/target/site/serenity/0ed8c7dee13d741390923ffc5517f5a96660dd8ddca5775da7dd7127c62e299b.png
21:52:35.298 [main] DEBUG net.thucydides.core.steps.StepInterceptor -- STARTING STEP: CreateABook.iAmOnTheMainPage - VerifyThatImOnTheMainPage
21:52:35.703 [main] DEBUG net.serenitybdd.core.photography.Darkroom -- Send negative for processing for /home/hafidz/Documents/Belajar/Alterra_Qualiry_Engineer/QE_Muhammad_Hafidz/Miniproject/Web Testing/target/site/serenity/3a3525e06c255fae52a7e9d3f807967d185caaf170a0ae056619363a0b8c072b.png
21:52:35.703 [Darkroom Processing Line] DEBUG net.serenitybdd.core.photography.DarkroomProcessingLine -- Processing screenshot image in /var/screenshots/screenshot-8469994518891769628
21:52:35.704 [Darkroom Processing Line] DEBUG net.serenitybdd.core.photography.DarkroomProcessingLine -- Saving screenshot to /home/hafidz/Documents/Belajar/Alterra_Qualiry_Engineer/QE_Muhammad_Hafidz/Miniproject/Web Testing/target/site/serenity/3a3525e06c255fae52a7e9d3f807967d185caaf170a0ae056619363a0b8c072b.png
21:52:35.704 [main] DEBUG net.thucydides.core.steps.StepInterceptor -- STEP DONE: VerifyThatImOnTheMainPage
  &amp#27;[32mGiven &amp#27;[0m&amp#27;[32mI am on the main page&amp#27;[0m                                       &amp#27;[90m# starter.stepdefinitions.CreateABook.iAmOnTheMainPage()&amp#27;[0m
21:52:35.741 [main] DEBUG net.thucydides.core.steps.StepInterceptor -- STARTING STEP: CreateABook.clickThePlusButton - ClickOnThePlusButton
21:52:36.235 [main] DEBUG net.serenitybdd.core.photography.Darkroom -- Send negative for processing for /home/hafidz/Documents/Belajar/Alterra_Qualiry_Engineer/QE_Muhammad_Hafidz/Miniproject/Web Testing/target/site/serenity/e3a6c7318f5527a0409ac58b749c1dd0ed1f684df08ee6b7add47e020dcfd4f5.png
21:52:36.236 [Darkroom Processing Line] DEBUG net.serenitybdd.core.photography.DarkroomProcessingLine -- Processing screenshot image in /var/screenshots/screenshot-7488970273509821283
21:52:36.236 [Darkroom Processing Line] DEBUG net.serenitybdd.core.photography.DarkroomProcessingLine -- Saving screenshot to /home/hafidz/Documents/Belajar/Alterra_Qualiry_Engineer/QE_Muhammad_Hafidz/Miniproject/Web Testing/target/site/serenity/e3a6c7318f5527a0409ac58b749c1dd0ed1f684df08ee6b7add47e020dcfd4f5.png
21:52:36.236 [main] DEBUG net.thucydides.core.steps.StepInterceptor -- STEP DONE: ClickOnThePlusButton
  &amp#27;[32mWhen &amp#27;[0m&amp#27;[32mI click the plus button&amp#27;[0m                                      &amp#27;[90m# starter.stepdefinitions.CreateABook.clickThePlusButton()&amp#27;[0m
21:52:36.271 [main] DEBUG net.thucydides.core.steps.StepInterceptor -- STARTING STEP: CreateABook.iAmDirectedToTheCreatePage - VerifyThatImOnCreatePagee
21:52:36.518 [main] DEBUG net.serenitybdd.core.photography.Darkroom -- Send negative for processing for /home/hafidz/Documents/Belajar/Alterra_Qualiry_Engineer/QE_Muhammad_Hafidz/Miniproject/Web Testing/target/site/serenity/e3a6c7318f5527a0409ac58b749c1dd0ed1f684df08ee6b7add47e020dcfd4f5.png
21:52:36.518 [main] DEBUG net.thucydides.core.steps.StepInterceptor -- STEP DONE: VerifyThatImOnCreatePagee
  &amp#27;[32mThen &amp#27;[0m&amp#27;[32mI am directed to the Create page&amp#27;[0m                             &amp#27;[90m# starter.stepdefinitions.CreateABook.iAmDirectedToTheCreatePage()&amp#27;[0m
21:52:36.534 [main] DEBUG net.thucydides.core.steps.StepInterceptor -- STARTING STEP: CreateABook.iInputValidDataIncludingTitleAuthorAndPublishYear - InputtingData
21:52:37.040 [main] DEBUG net.serenitybdd.core.photography.Darkroom -- Send negative for processing for /home/hafidz/Documents/Belajar/Alterra_Qualiry_Engineer/QE_Muhammad_Hafidz/Miniproject/Web Testing/target/site/serenity/bb341594b330fd7f9466adb8fdacc8a0e2a46f56731cacdb3daf6684e20d63bc.png
21:52:37.040 [Darkroom Processing Line] DEBUG net.serenitybdd.core.photography.DarkroomProcessingLine -- Processing screenshot image in /var/screenshots/screenshot-3505592816010124966
21:52:37.040 [Darkroom Processing Line] DEBUG net.serenitybdd.core.photography.DarkroomProcessingLine -- Saving screenshot to /home/hafidz/Documents/Belajar/Alterra_Qualiry_Engineer/QE_Muhammad_Hafidz/Miniproject/Web Testing/target/site/serenity/bb341594b330fd7f9466adb8fdacc8a0e2a46f56731cacdb3daf6684e20d63bc.png
21:52:37.040 [main] DEBUG net.thucydides.core.steps.StepInterceptor -- STEP DONE: InputtingData
  &amp#27;[32mWhen &amp#27;[0m&amp#27;[32mI input valid data including Title, Author, and Publish Year&amp#27;[0m &amp#27;[90m# starter.stepdefinitions.CreateABook.iInputValidDataIncludingTitleAuthorAndPublishYear()&amp#27;[0m
21:52:37.062 [main] DEBUG net.thucydides.core.steps.StepInterceptor -- STARTING STEP: CreateABook.iClickTheCreateBookButton - ClickSaveBookButton
21:52:37.546 [main] DEBUG net.serenitybdd.core.photography.Darkroom -- Send negative for processing for /home/hafidz/Documents/Belajar/Alterra_Qualiry_Engineer/QE_Muhammad_Hafidz/Miniproject/Web Testing/target/site/serenity/7b55fe40f2eb77c81ebe26479986e19e8f1ac7f78f1107fc0e507074e1d5b3a2.png
21:52:37.546 [Darkroom Processing Line] DEBUG net.serenitybdd.core.photography.DarkroomProcessingLine -- Processing screenshot image in /var/screenshots/screenshot-5786602003733118485
21:52:37.546 [Darkroom Processing Line] DEBUG net.serenitybdd.core.photography.DarkroomProcessingLine -- Saving screenshot to /home/hafidz/Documents/Belajar/Alterra_Qualiry_Engineer/QE_Muhammad_Hafidz/Miniproject/Web Testing/target/site/serenity/7b55fe40f2eb77c81ebe26479986e19e8f1ac7f78f1107fc0e507074e1d5b3a2.png
21:52:37.547 [main] DEBUG net.thucydides.core.steps.StepInterceptor -- STEP DONE: ClickSaveBookButton
  &amp#27;[32mAnd &amp#27;[0m&amp#27;[32mI click the Create Book button&amp#27;[0m                                &amp#27;[90m# starter.stepdefinitions.CreateABook.iClickTheCreateBookButton()&amp#27;[0m
21:52:38.263 [main] DEBUG net.serenitybdd.core.photography.Darkroom -- Send negative for processing for /home/hafidz/Documents/Belajar/Alterra_Qualiry_Engineer/QE_Muhammad_Hafidz/Miniproject/Web Testing/target/site/serenity/c49f6eeabe3ec8ebd8dca939e3cfcd21a83261930ad7d7f0460afca55420d69b.png
21:52:38.264 [Darkroom Processing Line] DEBUG net.serenitybdd.core.photography.DarkroomProcessingLine -- Processing screenshot image in /var/screenshots/screenshot-6837644103010024174
21:52:38.264 [Darkroom Processing Line] DEBUG net.serenitybdd.core.photography.DarkroomProcessingLine -- Saving screenshot to /home/hafidz/Documents/Belajar/Alterra_Qualiry_Engineer/QE_Muhammad_Hafidz/Miniproject/Web Testing/target/site/serenity/c49f6eeabe3ec8ebd8dca939e3cfcd21a83261930ad7d7f0460afca55420d69b.png
21:52:38.267 [main] DEBUG net.thucydides.core.steps.StepInterceptor -- STARTING STEP: CreateABook.iAmDirectedToTheMainMenuPage - VerifyThatImOnTheMainPage
21:52:38.496 [main] DEBUG net.serenitybdd.core.photography.Darkroom -- Send negative for processing for /home/hafidz/Documents/Belajar/Alterra_Qualiry_Engineer/QE_Muhammad_Hafidz/Miniproject/Web Testing/target/site/serenity/f3e8f25853c3947441ca353d6f2ccd2bfeb083577e7a21baa4fb2c23bcc2a332.png
21:52:38.497 [Darkroom Processing Line] DEBUG net.serenitybdd.core.photography.DarkroomProcessingLine -- Processing screenshot image in /var/screenshots/screenshot-6377433258888451678
21:52:38.497 [main] DEBUG net.thucydides.core.steps.StepInterceptor -- STEP DONE: VerifyThatImOnTheMainPage
21:52:38.497 [Darkroom Processing Line] DEBUG net.serenitybdd.core.photography.DarkroomProcessingLine -- Saving screenshot to /home/hafidz/Documents/Belajar/Alterra_Qualiry_Engineer/QE_Muhammad_Hafidz/Miniproject/Web Testing/target/site/serenity/f3e8f25853c3947441ca353d6f2ccd2bfeb083577e7a21baa4fb2c23bcc2a332.png
  &amp#27;[32mThen &amp#27;[0m&amp#27;[32mI am directed to the main menu page&amp#27;[0m                          &amp#27;[90m# starter.stepdefinitions.CreateABook.iAmDirectedToTheMainMenuPage()&amp#27;[0m
21:52:38.516 [main] DEBUG net.thucydides.core.steps.StepInterceptor -- STARTING STEP: CreateABook.myInputIsSavedAndVisibleOnTheInfoButton - My input is saved and visible on the info button
21:52:38.718 [main] DEBUG net.serenitybdd.core.photography.Darkroom -- Send negative for processing for /home/hafidz/Documents/Belajar/Alterra_Qualiry_Engineer/QE_Muhammad_Hafidz/Miniproject/Web Testing/target/site/serenity/f3e8f25853c3947441ca353d6f2ccd2bfeb083577e7a21baa4fb2c23bcc2a332.png
21:52:38.718 [main] DEBUG net.thucydides.core.steps.StepInterceptor -- STEP DONE: My input is saved and visible on the info button
  &amp#27;[32mAnd &amp#27;[0m&amp#27;[32mMy input is saved and visible on the info button&amp#27;[0m              &amp#27;[90m# starter.stepdefinitions.CreateABook.myInputIsSavedAndVisibleOnTheInfoButton()&amp#27;[0m
21:52:38.727 [main] INFO  -- 
  _____   ___   ___   _____     ___     _     ___   ___   ___   ___  
 |_   _| | __| / __| |_   _|   | _ \   /_\   / __| / __| | __| |   \ 
   | |   | _|  \__ \   | |     |  _/  / _ \  \__ \ \__ \ | _|  | |) |
   |_|   |___| |___/   |_|     |_|   /_/ \_\ |___/ |___/ |___| |___/ 

I can create a Book with Valid Data
----------------------------------------------------------------------
]]></system-out>
    <system-err><![CDATA[Jun 28, 2024 9:52:33 PM org.openqa.selenium.devtools.CdpVersionFinder findNearestMatch
WARNING: Unable to find an exact match for CDP version 124, returning the closest version; found: 122; Please update to a Selenium version that supports CDP version 124
]]></system-err>
  </testcase>
  <testcase name="I cannot create Data with Missing Title" classname="Create Book" time="5.405">
    <system-out><![CDATA[
Scenario: I cannot create Data with Missing Title                              &amp#27;[90m# src/test/resources/features/CreateABook.feature:16&amp#27;[0m
21:52:38.954 [main] DEBUG io.cucumber.core.plugin.SerenityReporter -- Running feature from file:///home/hafidz/Documents/Belajar/Alterra_Qualiry_Engineer/QE_Muhammad_Hafidz/Miniproject/Web%20Testing/src/test/resources/features/CreateABook.feature
21:52:38.961 [main] INFO  -- 
  _____   ___   ___   _____     ___   _____     _     ___   _____   ___   ___  
 |_   _| | __| / __| |_   _|   / __| |_   _|   /_\   | _ \ |_   _| | __| |   \ 
   | |   | _|  \__ \   | |     \__ \   | |    / _ \  |   /   | |   | _|  | |) |
   |_|   |___| |___/   |_|     |___/   |_|   /_/ \_\ |_|_\   |_|   |___| |___/ 

I cannot create Data with Missing Title(create-book;i-cannot-create-data-with-missing-title)
--------------------------------------------------------------------------------
21:52:39.259 [main] INFO net.serenitybdd.core.webdriver.driverproviders.ChromeDriverProvider -- Starting Chrome driver instance with capabilities:
21:52:39.260 [main] INFO net.serenitybdd.core.webdriver.driverproviders.ChromeDriverProvider -- Capabilities {acceptInsecureCerts: false, browserName: chrome, goog:chromeOptions: {args: [remote-allow-origins=*], extensions: []}}
21:52:41.623 [main] DEBUG net.serenitybdd.core.photography.Darkroom -- Send negative for processing for /home/hafidz/Documents/Belajar/Alterra_Qualiry_Engineer/QE_Muhammad_Hafidz/Miniproject/Web Testing/target/site/serenity/78a402610895ca5d81c96681b053e1bd6f87473966da1c677e99281b2b04f004.png
21:52:41.624 [Darkroom Processing Line] DEBUG net.serenitybdd.core.photography.DarkroomProcessingLine -- Processing screenshot image in /var/screenshots/screenshot-3929980308164337873
21:52:41.625 [Darkroom Processing Line] DEBUG net.serenitybdd.core.photography.DarkroomProcessingLine -- Saving screenshot to /home/hafidz/Documents/Belajar/Alterra_Qualiry_Engineer/QE_Muhammad_Hafidz/Miniproject/Web Testing/target/site/serenity/78a402610895ca5d81c96681b053e1bd6f87473966da1c677e99281b2b04f004.png
21:52:41.625 [main] DEBUG net.thucydides.core.steps.StepInterceptor -- STARTING STEP: CreateABook.iAmOnTheMainPage - VerifyThatImOnTheMainPage
21:52:42.052 [main] DEBUG net.serenitybdd.core.photography.Darkroom -- Send negative for processing for /home/hafidz/Documents/Belajar/Alterra_Qualiry_Engineer/QE_Muhammad_Hafidz/Miniproject/Web Testing/target/site/serenity/8233fcc4391e22a6aae3dda55335bed25d930b1ed3aef2363f4594fef5129d13.png
21:52:42.052 [Darkroom Processing Line] DEBUG net.serenitybdd.core.photography.DarkroomProcessingLine -- Processing screenshot image in /var/screenshots/screenshot-16438532714102888569
21:52:42.053 [main] DEBUG net.thucydides.core.steps.StepInterceptor -- STEP DONE: VerifyThatImOnTheMainPage
21:52:42.053 [Darkroom Processing Line] DEBUG net.serenitybdd.core.photography.DarkroomProcessingLine -- Saving screenshot to /home/hafidz/Documents/Belajar/Alterra_Qualiry_Engineer/QE_Muhammad_Hafidz/Miniproject/Web Testing/target/site/serenity/8233fcc4391e22a6aae3dda55335bed25d930b1ed3aef2363f4594fef5129d13.png
  &amp#27;[32mGiven &amp#27;[0m&amp#27;[32mI am on the main page&amp#27;[0m                                                  &amp#27;[90m# starter.stepdefinitions.CreateABook.iAmOnTheMainPage()&amp#27;[0m
21:52:42.073 [main] DEBUG net.thucydides.core.steps.StepInterceptor -- STARTING STEP: CreateABook.clickThePlusButton - ClickOnThePlusButton
21:52:42.679 [main] DEBUG net.serenitybdd.core.photography.Darkroom -- Send negative for processing for /home/hafidz/Documents/Belajar/Alterra_Qualiry_Engineer/QE_Muhammad_Hafidz/Miniproject/Web Testing/target/site/serenity/e3a6c7318f5527a0409ac58b749c1dd0ed1f684df08ee6b7add47e020dcfd4f5.png
21:52:42.679 [main] DEBUG net.thucydides.core.steps.StepInterceptor -- STEP DONE: ClickOnThePlusButton
  &amp#27;[32mWhen &amp#27;[0m&amp#27;[32mI click the plus button&amp#27;[0m                                                 &amp#27;[90m# starter.stepdefinitions.CreateABook.clickThePlusButton()&amp#27;[0m
21:52:42.697 [main] DEBUG net.thucydides.core.steps.StepInterceptor -- STARTING STEP: CreateABook.iAmDirectedToTheCreatePage - VerifyThatImOnCreatePagee
21:52:42.893 [main] DEBUG net.serenitybdd.core.photography.Darkroom -- Send negative for processing for /home/hafidz/Documents/Belajar/Alterra_Qualiry_Engineer/QE_Muhammad_Hafidz/Miniproject/Web Testing/target/site/serenity/e3a6c7318f5527a0409ac58b749c1dd0ed1f684df08ee6b7add47e020dcfd4f5.png
21:52:42.894 [main] DEBUG net.thucydides.core.steps.StepInterceptor -- STEP DONE: VerifyThatImOnCreatePagee
  &amp#27;[32mThen &amp#27;[0m&amp#27;[32mI am directed to the Create page&amp#27;[0m                                        &amp#27;[90m# starter.stepdefinitions.CreateABook.iAmDirectedToTheCreatePage()&amp#27;[0m
21:52:42.904 [main] DEBUG net.thucydides.core.steps.StepInterceptor -- STARTING STEP: CreateABook.iInputDataIncludingAuthorAndPublishYearButWithMissingTitle - InputtingData
21:52:43.388 [main] DEBUG net.serenitybdd.core.photography.Darkroom -- Send negative for processing for /home/hafidz/Documents/Belajar/Alterra_Qualiry_Engineer/QE_Muhammad_Hafidz/Miniproject/Web Testing/target/site/serenity/1b12e8477cb8e5a88bca6ecd3be8cd9453c611490c028fc75d34bddb30c9b85d.png
21:52:43.388 [Darkroom Processing Line] DEBUG net.serenitybdd.core.photography.DarkroomProcessingLine -- Processing screenshot image in /var/screenshots/screenshot-11584741856604077148
21:52:43.388 [Darkroom Processing Line] DEBUG net.serenitybdd.core.photography.DarkroomProcessingLine -- Saving screenshot to /home/hafidz/Documents/Belajar/Alterra_Qualiry_Engineer/QE_Muhammad_Hafidz/Miniproject/Web Testing/target/site/serenity/1b12e8477cb8e5a88bca6ecd3be8cd9453c611490c028fc75d34bddb30c9b85d.png
21:52:43.388 [main] DEBUG net.thucydides.core.steps.StepInterceptor -- STEP DONE: InputtingData
  &amp#27;[32mWhen &amp#27;[0m&amp#27;[32mI input data including Author and Publish Year but with a missing Title&amp#27;[0m &amp#27;[90m# starter.stepdefinitions.CreateABook.iInputDataIncludingAuthorAndPublishYearButWithMissingTitle()&amp#27;[0m
21:52:43.400 [main] DEBUG net.thucydides.core.steps.StepInterceptor -- STARTING STEP: CreateABook.iClickTheCreateBookButton - ClickSaveBookButton
21:52:43.728 [main] DEBUG net.serenitybdd.core.photography.Darkroom -- Send negative for processing for /home/hafidz/Documents/Belajar/Alterra_Qualiry_Engineer/QE_Muhammad_Hafidz/Miniproject/Web Testing/target/site/serenity/0aa0d60fe78b5b6caec54067afcb17ea32400cbd75c0469ffe551270ad89fadc.png
21:52:43.728 [Darkroom Processing Line] DEBUG net.serenitybdd.core.photography.DarkroomProcessingLine -- Processing screenshot image in /var/screenshots/screenshot-6158449937364556662
21:52:43.729 [Darkroom Processing Line] DEBUG net.serenitybdd.core.photography.DarkroomProcessingLine -- Saving screenshot to /home/hafidz/Documents/Belajar/Alterra_Qualiry_Engineer/QE_Muhammad_Hafidz/Miniproject/Web Testing/target/site/serenity/0aa0d60fe78b5b6caec54067afcb17ea32400cbd75c0469ffe551270ad89fadc.png
21:52:43.729 [main] DEBUG net.thucydides.core.steps.StepInterceptor -- STEP DONE: ClickSaveBookButton
  &amp#27;[32mAnd &amp#27;[0m&amp#27;[32mI click the Create Book button&amp#27;[0m                                           &amp#27;[90m# starter.stepdefinitions.CreateABook.iClickTheCreateBookButton()&amp#27;[0m
21:52:43.745 [main] DEBUG net.thucydides.core.steps.StepInterceptor -- STARTING STEP: CreateABook.remainOnTheCreatePage - VerifyThatImOnCreatePagee
21:52:43.979 [main] DEBUG net.serenitybdd.core.photography.Darkroom -- Send negative for processing for /home/hafidz/Documents/Belajar/Alterra_Qualiry_Engineer/QE_Muhammad_Hafidz/Miniproject/Web Testing/target/site/serenity/42debc699d908ca186e5cd7f3bd15a9218040926bdad97c22346908dce6f7a10.png
21:52:43.979 [Darkroom Processing Line] DEBUG net.serenitybdd.core.photography.DarkroomProcessingLine -- Processing screenshot image in /var/screenshots/screenshot-10440703271555191459
21:52:43.979 [Darkroom Processing Line] DEBUG net.serenitybdd.core.photography.DarkroomProcessingLine -- Saving screenshot to /home/hafidz/Documents/Belajar/Alterra_Qualiry_Engineer/QE_Muhammad_Hafidz/Miniproject/Web Testing/target/site/serenity/42debc699d908ca186e5cd7f3bd15a9218040926bdad97c22346908dce6f7a10.png
21:52:43.979 [main] DEBUG net.thucydides.core.steps.StepInterceptor -- STEP DONE: VerifyThatImOnCreatePagee
  &amp#27;[32mThen &amp#27;[0m&amp#27;[32mI remain on the Create page&amp#27;[0m                                             &amp#27;[90m# starter.stepdefinitions.CreateABook.remainOnTheCreatePage()&amp#27;[0m
  &amp#27;[32mAnd &amp#27;[0m&amp#27;[32mAn error occurs&amp#27;[0m                                                          &amp#27;[90m# starter.stepdefinitions.CreateABook.anErrorOccurs()&amp#27;[0m
21:52:44.223 [main] DEBUG net.serenitybdd.core.photography.Darkroom -- Send negative for processing for /home/hafidz/Documents/Belajar/Alterra_Qualiry_Engineer/QE_Muhammad_Hafidz/Miniproject/Web Testing/target/site/serenity/df65fa6ba1354fda2037dfe7b03671321947bb3c9769027e74b9c1a24d1f3d15.png
21:52:44.224 [Darkroom Processing Line] DEBUG net.serenitybdd.core.photography.DarkroomProcessingLine -- Processing screenshot image in /var/screenshots/screenshot-1401178093288339700
21:52:44.224 [Darkroom Processing Line] DEBUG net.serenitybdd.core.photography.DarkroomProcessingLine -- Saving screenshot to /home/hafidz/Documents/Belajar/Alterra_Qualiry_Engineer/QE_Muhammad_Hafidz/Miniproject/Web Testing/target/site/serenity/df65fa6ba1354fda2037dfe7b03671321947bb3c9769027e74b9c1a24d1f3d15.png
21:52:44.225 [main] INFO  -- 
  _____   ___   ___   _____     ___     _     ___   ___   ___   ___  
 |_   _| | __| / __| |_   _|   | _ \   /_\   / __| / __| | __| |   \ 
   | |   | _|  \__ \   | |     |  _/  / _ \  \__ \ \__ \ | _|  | |) |
   |_|   |___| |___/   |_|     |_|   /_/ \_\ |___/ |___/ |___| |___/ 

I cannot create Data with Missing Title
----------------------------------------------------------------------
]]></system-out>
    <system-err><![CDATA[Jun 28, 2024 9:52:40 PM org.openqa.selenium.devtools.CdpVersionFinder findNearestMatch
WARNING: Unable to find an exact match for CDP version 124, returning the closest version; found: 122; Please update to a Selenium version that supports CDP version 124
]]></system-err>
  </testcase>
  <testcase name="I cannot create Data with Negative Year" classname="Create Book" time="6.692">
    <error type="org.openqa.selenium.NoSuchElementException"><![CDATA[org.openqa.selenium.NoSuchElementException: 
no such element: Unable to locate element: {"method":"xpath","selector":"//*[@id="root"]/div/div[2]/button"}
  (Session info: chrome=124.0.6367.207)
For documentation on this error, please visit: https://www.selenium.dev/documentation/webdriver/troubleshooting/errors#no-such-element-exception
Build info: version: '4.19.0', revision: '5f9cec8963'
System info: os.name: 'Linux', os.arch: 'amd64', os.version: '6.5.0-41-generic', java.version: '17.0.11'
Driver info: org.openqa.selenium.chrome.ChromeDriver
Command: [3bc450d70d8c9a90570c9f71bf40f102, findElement {value=//*[@id="root"]/div/div[2]/button, using=xpath}]
Capabilities {acceptInsecureCerts: false, browserName: chrome, browserVersion: 124.0.6367.207, chrome: {chromedriverVersion: 124.0.6367.207 (a9001a6e39f..., userDataDir: /tmp/.org.chromium.Chromium...}, fedcm:accounts: true, goog:chromeOptions: {debuggerAddress: localhost:44817}, networkConnectionEnabled: false, pageLoadStrategy: normal, platformName: linux, proxy: Proxy(), se:cdp: ws://localhost:44817/devtoo..., se:cdpVersion: 124.0.6367.207, setWindowRect: true, strictFileInteractability: false, timeouts: {implicit: 0, pageLoad: 300000, script: 30000}, unhandledPromptBehavior: dismiss and notify, webauthn:extension:credBlob: true, webauthn:extension:largeBlob: true, webauthn:extension:minPinLength: true, webauthn:extension:prf: true, webauthn:virtualAuthenticators: true}
Session ID: 3bc450d70d8c9a90570c9f71bf40f102
]]></error>
    <system-out><![CDATA[
Scenario: I cannot create Data with Negative Year                       &amp#27;[90m# src/test/resources/features/CreateABook.feature:25&amp#27;[0m
21:52:44.353 [main] DEBUG io.cucumber.core.plugin.SerenityReporter -- Running feature from file:///home/hafidz/Documents/Belajar/Alterra_Qualiry_Engineer/QE_Muhammad_Hafidz/Miniproject/Web%20Testing/src/test/resources/features/CreateABook.feature
21:52:44.358 [main] INFO  -- 
  _____   ___   ___   _____     ___   _____     _     ___   _____   ___   ___  
 |_   _| | __| / __| |_   _|   / __| |_   _|   /_\   | _ \ |_   _| | __| |   \ 
   | |   | _|  \__ \   | |     \__ \   | |    / _ \  |   /   | |   | _|  | |) |
   |_|   |___| |___/   |_|     |___/   |_|   /_/ \_\ |_|_\   |_|   |___| |___/ 

I cannot create Data with Negative Year(create-book;i-cannot-create-data-with-negative-year)
--------------------------------------------------------------------------------
21:52:44.552 [main] INFO net.serenitybdd.core.webdriver.driverproviders.ChromeDriverProvider -- Starting Chrome driver instance with capabilities:
21:52:44.552 [main] INFO net.serenitybdd.core.webdriver.driverproviders.ChromeDriverProvider -- Capabilities {acceptInsecureCerts: false, browserName: chrome, goog:chromeOptions: {args: [remote-allow-origins=*], extensions: []}}
21:52:46.628 [main] DEBUG net.serenitybdd.core.photography.Darkroom -- Send negative for processing for /home/hafidz/Documents/Belajar/Alterra_Qualiry_Engineer/QE_Muhammad_Hafidz/Miniproject/Web Testing/target/site/serenity/78a402610895ca5d81c96681b053e1bd6f87473966da1c677e99281b2b04f004.png
21:52:46.629 [main] DEBUG net.thucydides.core.steps.StepInterceptor -- STARTING STEP: CreateABook.iAmOnTheMainPage - VerifyThatImOnTheMainPage
21:52:46.676 [main] DEBUG net.thucydides.core.steps.StepInterceptor -- STEP DONE: VerifyThatImOnTheMainPage
  &amp#27;[32mGiven &amp#27;[0m&amp#27;[32mI am on the main page&amp#27;[0m                                           &amp#27;[90m# starter.stepdefinitions.CreateABook.iAmOnTheMainPage()&amp#27;[0m
21:52:46.970 [main] DEBUG net.serenitybdd.core.photography.Darkroom -- Send negative for processing for /home/hafidz/Documents/Belajar/Alterra_Qualiry_Engineer/QE_Muhammad_Hafidz/Miniproject/Web Testing/target/site/serenity/4eb103cfd8150ef603fb52d13367327e58ead2aa043d3047a7f6e97a8e6c74b1.png
21:52:46.971 [Darkroom Processing Line] DEBUG net.serenitybdd.core.photography.DarkroomProcessingLine -- Processing screenshot image in /var/screenshots/screenshot-17441977269247033442
21:52:46.971 [Darkroom Processing Line] DEBUG net.serenitybdd.core.photography.DarkroomProcessingLine -- Saving screenshot to /home/hafidz/Documents/Belajar/Alterra_Qualiry_Engineer/QE_Muhammad_Hafidz/Miniproject/Web Testing/target/site/serenity/4eb103cfd8150ef603fb52d13367327e58ead2aa043d3047a7f6e97a8e6c74b1.png
21:52:46.991 [main] DEBUG net.thucydides.core.steps.StepInterceptor -- STARTING STEP: CreateABook.clickThePlusButton - ClickOnThePlusButton
21:52:47.261 [main] DEBUG net.serenitybdd.core.photography.Darkroom -- Send negative for processing for /home/hafidz/Documents/Belajar/Alterra_Qualiry_Engineer/QE_Muhammad_Hafidz/Miniproject/Web Testing/target/site/serenity/e3a6c7318f5527a0409ac58b749c1dd0ed1f684df08ee6b7add47e020dcfd4f5.png
21:52:47.262 [main] DEBUG net.thucydides.core.steps.StepInterceptor -- STEP DONE: ClickOnThePlusButton
  &amp#27;[32mWhen &amp#27;[0m&amp#27;[32mI click the plus button&amp#27;[0m                                          &amp#27;[90m# starter.stepdefinitions.CreateABook.clickThePlusButton()&amp#27;[0m
21:52:47.285 [main] DEBUG net.thucydides.core.steps.StepInterceptor -- STARTING STEP: CreateABook.iAmDirectedToTheCreatePage - VerifyThatImOnCreatePagee
21:52:47.504 [main] DEBUG net.serenitybdd.core.photography.Darkroom -- Send negative for processing for /home/hafidz/Documents/Belajar/Alterra_Qualiry_Engineer/QE_Muhammad_Hafidz/Miniproject/Web Testing/target/site/serenity/e3a6c7318f5527a0409ac58b749c1dd0ed1f684df08ee6b7add47e020dcfd4f5.png
21:52:47.504 [main] DEBUG net.thucydides.core.steps.StepInterceptor -- STEP DONE: VerifyThatImOnCreatePagee
  &amp#27;[32mThen &amp#27;[0m&amp#27;[32mI am directed to the Create page&amp#27;[0m                                 &amp#27;[90m# starter.stepdefinitions.CreateABook.iAmDirectedToTheCreatePage()&amp#27;[0m
21:52:47.516 [main] DEBUG net.thucydides.core.steps.StepInterceptor -- STARTING STEP: CreateABook.iInputDataIncludingAuthorAndTitleButWithNegativeYear - InputtingData
21:52:48.026 [main] DEBUG net.serenitybdd.core.photography.Darkroom -- Send negative for processing for /home/hafidz/Documents/Belajar/Alterra_Qualiry_Engineer/QE_Muhammad_Hafidz/Miniproject/Web Testing/target/site/serenity/ec6d1ae22f4ddf01465d4c7c05918414ebc9f351df27743a72b3e4635fb7b635.png
21:52:48.026 [main] DEBUG net.thucydides.core.steps.StepInterceptor -- STEP DONE: InputtingData
21:52:48.026 [Darkroom Processing Line] DEBUG net.serenitybdd.core.photography.DarkroomProcessingLine -- Processing screenshot image in /var/screenshots/screenshot-10025006247801618565
21:52:48.026 [Darkroom Processing Line] DEBUG net.serenitybdd.core.photography.DarkroomProcessingLine -- Saving screenshot to /home/hafidz/Documents/Belajar/Alterra_Qualiry_Engineer/QE_Muhammad_Hafidz/Miniproject/Web Testing/target/site/serenity/ec6d1ae22f4ddf01465d4c7c05918414ebc9f351df27743a72b3e4635fb7b635.png
  &amp#27;[32mWhen &amp#27;[0m&amp#27;[32mI input data including Author and Title but with a negative Year&amp#27;[0m &amp#27;[90m# starter.stepdefinitions.CreateABook.iInputDataIncludingAuthorAndTitleButWithNegativeYear()&amp#27;[0m
21:52:48.043 [main] DEBUG net.thucydides.core.steps.StepInterceptor -- STARTING STEP: CreateABook.iClickTheCreateBookButton - ClickSaveBookButton
21:52:48.364 [main] DEBUG net.serenitybdd.core.photography.Darkroom -- Send negative for processing for /home/hafidz/Documents/Belajar/Alterra_Qualiry_Engineer/QE_Muhammad_Hafidz/Miniproject/Web Testing/target/site/serenity/e9e7e5e15258ccf1b12c54eb1c1c28ca8db1c6049d10caa206d101baee70815b.png
21:52:48.364 [Darkroom Processing Line] DEBUG net.serenitybdd.core.photography.DarkroomProcessingLine -- Processing screenshot image in /var/screenshots/screenshot-14650354199997968565
21:52:48.365 [main] DEBUG net.thucydides.core.steps.StepInterceptor -- STEP DONE: ClickSaveBookButton
21:52:48.365 [Darkroom Processing Line] DEBUG net.serenitybdd.core.photography.DarkroomProcessingLine -- Saving screenshot to /home/hafidz/Documents/Belajar/Alterra_Qualiry_Engineer/QE_Muhammad_Hafidz/Miniproject/Web Testing/target/site/serenity/e9e7e5e15258ccf1b12c54eb1c1c28ca8db1c6049d10caa206d101baee70815b.png
  &amp#27;[32mAnd &amp#27;[0m&amp#27;[32mI click the Create Book button&amp#27;[0m                                    &amp#27;[90m# starter.stepdefinitions.CreateABook.iClickTheCreateBookButton()&amp#27;[0m
21:52:48.379 [main] DEBUG net.thucydides.core.steps.StepInterceptor -- STARTING STEP: CreateABook.remainOnTheCreatePage - VerifyThatImOnCreatePagee
21:52:50.602 [main] DEBUG net.serenitybdd.core.photography.Darkroom -- Send negative for processing for /home/hafidz/Documents/Belajar/Alterra_Qualiry_Engineer/QE_Muhammad_Hafidz/Miniproject/Web Testing/target/site/serenity/b41818abf167108d3ddcbcd871885bd6491e875650ca16e7639731bd110b9e5f.png
21:52:50.602 [Darkroom Processing Line] DEBUG net.serenitybdd.core.photography.DarkroomProcessingLine -- Processing screenshot image in /var/screenshots/screenshot-12160698846146679214
21:52:50.602 [Darkroom Processing Line] DEBUG net.serenitybdd.core.photography.DarkroomProcessingLine -- Saving screenshot to /home/hafidz/Documents/Belajar/Alterra_Qualiry_Engineer/QE_Muhammad_Hafidz/Miniproject/Web Testing/target/site/serenity/b41818abf167108d3ddcbcd871885bd6491e875650ca16e7639731bd110b9e5f.png
  &amp#27;[31mThen &amp#27;[0m&amp#27;[31mI remain on the Create page&amp#27;[0m                                      &amp#27;[90m# starter.stepdefinitions.CreateABook.remainOnTheCreatePage()&amp#27;[0m
      &amp#27;[31morg.openqa.selenium.NoSuchElementException: no such element: Unable to locate element: {"method":"xpath","selector":"//*[@id="root"]/div/div[2]/button"}
  (Session info: chrome=124.0.6367.207)
For documentation on this error, please visit: https://www.selenium.dev/documentation/webdriver/troubleshooting/errors#no-such-element-exception
Build info: version: '4.19.0', revision: '5f9cec8963'
System info: os.name: 'Linux', os.arch: 'amd64', os.version: '6.5.0-41-generic', java.version: '17.0.11'
Driver info: org.openqa.selenium.chrome.ChromeDriver
Command: [3bc450d70d8c9a90570c9f71bf40f102, findElement {value=//*[@id="root"]/div/div[2]/button, using=xpath}]
Capabilities {acceptInsecureCerts: false, browserName: chrome, browserVersion: 124.0.6367.207, chrome: {chromedriverVersion: 124.0.6367.207 (a9001a6e39f..., userDataDir: /tmp/.org.chromium.Chromium...}, fedcm:accounts: true, goog:chromeOptions: {debuggerAddress: localhost:44817}, networkConnectionEnabled: false, pageLoadStrategy: normal, platformName: linux, proxy: Proxy(), se:cdp: ws://localhost:44817/devtoo..., se:cdpVersion: 124.0.6367.207, setWindowRect: true, strictFileInteractability: false, timeouts: {implicit: 0, pageLoad: 300000, script: 30000}, unhandledPromptBehavior: dismiss and notify, webauthn:extension:credBlob: true, webauthn:extension:largeBlob: true, webauthn:extension:minPinLength: true, webauthn:extension:prf: true, webauthn:virtualAuthenticators: true}
Session ID: 3bc450d70d8c9a90570c9f71bf40f102
	at java.base/jdk.internal.reflect.NativeConstructorAccessorImpl.newInstance0(Native Method)
	at java.base/jdk.internal.reflect.NativeConstructorAccessorImpl.newInstance(NativeConstructorAccessorImpl.java:77)
	at java.base/jdk.internal.reflect.DelegatingConstructorAccessorImpl.newInstance(DelegatingConstructorAccessorImpl.java:45)
	at java.base/java.lang.reflect.Constructor.newInstanceWithCaller(Constructor.java:499)
	at java.base/java.lang.reflect.Constructor.newInstance(Constructor.java:480)
	at org.openqa.selenium.remote.ErrorCodec.decode(ErrorCodec.java:167)
	at org.openqa.selenium.remote.codec.w3c.W3CHttpResponseCodec.decode(W3CHttpResponseCodec.java:138)
	at org.openqa.selenium.remote.codec.w3c.W3CHttpResponseCodec.decode(W3CHttpResponseCodec.java:50)
	at org.openqa.selenium.remote.HttpCommandExecutor.execute(HttpCommandExecutor.java:190)
	at org.openqa.selenium.remote.service.DriverCommandExecutor.invokeExecute(DriverCommandExecutor.java:216)
	at org.openqa.selenium.remote.service.DriverCommandExecutor.execute(DriverCommandExecutor.java:174)
	at org.openqa.selenium.remote.RemoteWebDriver.execute(RemoteWebDriver.java:519)
	at org.openqa.selenium.remote.ElementLocation$ElementFinder$2.findElement(ElementLocation.java:165)
	at org.openqa.selenium.remote.ElementLocation.findElement(ElementLocation.java:59)
	at org.openqa.selenium.remote.RemoteWebDriver.findElement(RemoteWebDriver.java:356)
	at org.openqa.selenium.remote.RemoteWebDriver.findElement(RemoteWebDriver.java:350)
	at net.thucydides.core.webdriver.WebDriverFacade.findElement(WebDriverFacade.java:259)
	at net.serenitybdd.core.pages.WebElementResolverByLocator.resolveForDriver(WebElementResolverByLocator.java:25)
	at net.serenitybdd.core.pages.WebElementFacadeImpl.getResolvedElement(WebElementFacadeImpl.java:188)
	at net.serenitybdd.core.pages.WebElementFacadeImpl.getElement(WebElementFacadeImpl.java:183)
	at net.serenitybdd.core.pages.WebElementFacadeImpl.isDisplayed(WebElementFacadeImpl.java:1338)
	at web.serenity.starter@1.0-SNAPSHOT/starter.pages.CreatePage.VerifyThatImOnCreatePagee(CreatePage.java:15)
	at web.serenity.starter@1.0-SNAPSHOT/starter.pages.CreatePage$ByteBuddy$VUZkmAjh.VerifyThatImOnCreatePagee$accessor$WMkPqeFM(Unknown Source)
	at java.base/jdk.internal.reflect.NativeMethodAccessorImpl.invoke0(Native Method)
	at java.base/jdk.internal.reflect.NativeMethodAccessorImpl.invoke(NativeMethodAccessorImpl.java:77)
	at java.base/jdk.internal.reflect.DelegatingMethodAccessorImpl.invoke(DelegatingMethodAccessorImpl.java:43)
	at java.base/java.lang.reflect.Method.invoke(Method.java:568)
	at net.thucydides.core.steps.StepInterceptor.invokeMethod(StepInterceptor.java:524)
	at net.thucydides.core.steps.StepInterceptor.executeTestStepMethod(StepInterceptor.java:504)
	at net.thucydides.core.steps.StepInterceptor.runTestStep(StepInterceptor.java:476)
	at net.thucydides.core.steps.StepInterceptor.runOrSkipMethod(StepInterceptor.java:218)
	at net.thucydides.core.steps.StepInterceptor.testStepResult(StepInterceptor.java:205)
	at net.thucydides.core.steps.StepInterceptor.intercept(StepInterceptor.java:93)
	at net.thucydides.core.steps.ProxyConfiguration$InterceptorDispatcher.intercept(ProxyConfiguration.java:51)
	at web.serenity.starter@1.0-SNAPSHOT/starter.pages.CreatePage$ByteBuddy$VUZkmAjh.VerifyThatImOnCreatePagee(Unknown Source)
	at web.serenity.starter@1.0-SNAPSHOT/starter.stepdefinitions.CreateABook.remainOnTheCreatePage(CreateABook.java:69)
	at ✽.I remain on the Create page(file:///home/hafidz/Documents/Belajar/Alterra_Qualiry_Engineer/QE_Muhammad_Hafidz/Miniproject/Web%20Testing/src/test/resources/features/CreateABook.feature:31)
&amp#27;[0m
  &amp#27;[36mAnd &amp#27;[0m&amp#27;[36mAn error occurs&amp#27;[0m                                                   &amp#27;[90m# starter.stepdefinitions.CreateABook.anErrorOccurs()&amp#27;[0m
21:52:50.886 [main] ERROR  -- 
  _____   ___   ___   _____     ___   ___   ___    ___    ___ 
 |_   _| | __| / __| |_   _|   | __| | _ \ | _ \  / _ \  | _ \
   | |   | _|  \__ \   | |     | _|  |   / |   / | (_) | |   /
   |_|   |___| |___/   |_|     |___| |_|_\ |_|_\  \___/  |_|_\

I cannot create Data with Negative Year
---------------------------------------------------------------
21:52:50.891 [main] DEBUG  -- RELATED ISSUES: 
21:52:50.893 [main] ERROR  --     Test failed at step: Verify that im on create pagee
21:52:50.894 [main] ERROR  --     no such element: Unable to locate element: {"method":"xpath","selector":"//*[@id="root"]/div/div[2]/button"}
]]></system-out>
    <system-err><![CDATA[Jun 28, 2024 9:52:45 PM org.openqa.selenium.devtools.CdpVersionFinder findNearestMatch
WARNING: Unable to find an exact match for CDP version 124, returning the closest version; found: 122; Please update to a Selenium version that supports CDP version 124
]]></system-err>
  </testcase>
  <testcase name="I can delete Data" classname="Delete Data" time="4.891">
    <system-out><![CDATA[21:52:51.050 [main] DEBUG io.cucumber.core.plugin.SerenityReporter -- Running feature from file:///home/hafidz/Documents/Belajar/Alterra_Qualiry_Engineer/QE_Muhammad_Hafidz/Miniproject/Web%20Testing/src/test/resources/features/DeleteABook.feature
21:52:51.060 [main] DEBUG net.thucydides.core.steps.StepEventBus -- Test suite started for story net.thucydides.model.domain.Story@d9d37be0
21:52:51.061 [main] INFO  -- Test Suite Started: Delete Data

Scenario: I can delete Data                                             &amp#27;[90m# src/test/resources/features/DeleteABook.feature:6&amp#27;[0m
21:52:51.081 [main] DEBUG io.cucumber.core.plugin.SerenityReporter -- Running feature from file:///home/hafidz/Documents/Belajar/Alterra_Qualiry_Engineer/QE_Muhammad_Hafidz/Miniproject/Web%20Testing/src/test/resources/features/DeleteABook.feature
21:52:51.085 [main] INFO  -- 
  _____   ___   ___   _____     ___   _____     _     ___   _____   ___   ___  
 |_   _| | __| / __| |_   _|   / __| |_   _|   /_\   | _ \ |_   _| | __| |   \ 
   | |   | _|  \__ \   | |     \__ \   | |    / _ \  |   /   | |   | _|  | |) |
   |_|   |___| |___/   |_|     |___/   |_|   /_/ \_\ |_|_\   |_|   |___| |___/ 

I can delete Data(delete-data;i-can-delete-data)
--------------------------------------------------------------------------------
21:52:51.278 [main] INFO net.serenitybdd.core.webdriver.driverproviders.ChromeDriverProvider -- Starting Chrome driver instance with capabilities:
21:52:51.278 [main] INFO net.serenitybdd.core.webdriver.driverproviders.ChromeDriverProvider -- Capabilities {acceptInsecureCerts: false, browserName: chrome, goog:chromeOptions: {args: [remote-allow-origins=*], extensions: []}}
21:52:53.204 [main] DEBUG net.serenitybdd.core.photography.Darkroom -- Opening darkroom
21:52:53.205 [Darkroom Processing Line] DEBUG net.serenitybdd.core.photography.DarkroomProcessingLine -- Darkroom processing line starting up
21:52:53.635 [main] DEBUG net.serenitybdd.core.photography.Darkroom -- Send negative for processing for /home/hafidz/Documents/Belajar/Alterra_Qualiry_Engineer/QE_Muhammad_Hafidz/Miniproject/Web Testing/target/site/serenity/9429a8a66cfd35d77f2eac09e16c70c63858e751b5b1d38413decbc9738e494b.png
21:52:53.635 [Darkroom Processing Line] DEBUG net.serenitybdd.core.photography.DarkroomProcessingLine -- Processing screenshot image in /var/screenshots/screenshot-8381521453332865816
21:52:53.635 [Darkroom Processing Line] DEBUG net.serenitybdd.core.photography.DarkroomProcessingLine -- Saving screenshot to /home/hafidz/Documents/Belajar/Alterra_Qualiry_Engineer/QE_Muhammad_Hafidz/Miniproject/Web Testing/target/site/serenity/9429a8a66cfd35d77f2eac09e16c70c63858e751b5b1d38413decbc9738e494b.png
21:52:53.636 [main] DEBUG net.thucydides.core.steps.StepInterceptor -- STARTING STEP: CreateABook.iAmOnTheMainPage - VerifyThatImOnTheMainPage
21:52:54.133 [main] DEBUG net.serenitybdd.core.photography.Darkroom -- Send negative for processing for /home/hafidz/Documents/Belajar/Alterra_Qualiry_Engineer/QE_Muhammad_Hafidz/Miniproject/Web Testing/target/site/serenity/c26a3a5cc14a1f74f28ba98855589d9feb3e1f265431e21bd68e516154cb3a17.png
21:52:54.133 [Darkroom Processing Line] DEBUG net.serenitybdd.core.photography.DarkroomProcessingLine -- Processing screenshot image in /var/screenshots/screenshot-7643499029189636262
21:52:54.133 [Darkroom Processing Line] DEBUG net.serenitybdd.core.photography.DarkroomProcessingLine -- Saving screenshot to /home/hafidz/Documents/Belajar/Alterra_Qualiry_Engineer/QE_Muhammad_Hafidz/Miniproject/Web Testing/target/site/serenity/c26a3a5cc14a1f74f28ba98855589d9feb3e1f265431e21bd68e516154cb3a17.png
21:52:54.133 [main] DEBUG net.thucydides.core.steps.StepInterceptor -- STEP DONE: VerifyThatImOnTheMainPage
  &amp#27;[32mGiven &amp#27;[0m&amp#27;[32mI am on the main page&amp#27;[0m                                           &amp#27;[90m# starter.stepdefinitions.CreateABook.iAmOnTheMainPage()&amp#27;[0m
21:52:54.479 [main] DEBUG net.serenitybdd.core.photography.Darkroom -- Send negative for processing for /home/hafidz/Documents/Belajar/Alterra_Qualiry_Engineer/QE_Muhammad_Hafidz/Miniproject/Web Testing/target/site/serenity/c26a3a5cc14a1f74f28ba98855589d9feb3e1f265431e21bd68e516154cb3a17.png
21:52:54.479 [main] DEBUG net.thucydides.core.steps.StepInterceptor -- STARTING STEP: DeleteABook.iClickTheTrashCanButton - ClickOnDeleteButton
21:52:54.789 [main] DEBUG net.serenitybdd.core.photography.Darkroom -- Send negative for processing for /home/hafidz/Documents/Belajar/Alterra_Qualiry_Engineer/QE_Muhammad_Hafidz/Miniproject/Web Testing/target/site/serenity/f3d8e91b8bd3683f05afa6201f37ea83d7b513355d0f62f0757f11130779ffe7.png
21:52:54.789 [Darkroom Processing Line] DEBUG net.serenitybdd.core.photography.DarkroomProcessingLine -- Processing screenshot image in /var/screenshots/screenshot-684718810577726875
21:52:54.789 [Darkroom Processing Line] DEBUG net.serenitybdd.core.photography.DarkroomProcessingLine -- Saving screenshot to /home/hafidz/Documents/Belajar/Alterra_Qualiry_Engineer/QE_Muhammad_Hafidz/Miniproject/Web Testing/target/site/serenity/f3d8e91b8bd3683f05afa6201f37ea83d7b513355d0f62f0757f11130779ffe7.png
21:52:54.789 [main] DEBUG net.thucydides.core.steps.StepInterceptor -- STEP DONE: ClickOnDeleteButton
  &amp#27;[32mWhen &amp#27;[0m&amp#27;[32mI click the "trash can" button&amp#27;[0m                                   &amp#27;[90m# starter.stepdefinitions.DeleteABook.iClickTheTrashCanButton()&amp#27;[0m
  &amp#27;[32mThen &amp#27;[0m&amp#27;[32ma Pop-Up appears asking "Are you sure want to delete this book?"&amp#27;[0m &amp#27;[90m# starter.stepdefinitions.DeleteABook.aPopUpAppearsAskingTheDeleteButton()&amp#27;[0m
21:52:55.003 [main] DEBUG net.serenitybdd.core.photography.Darkroom -- Send negative for processing for /home/hafidz/Documents/Belajar/Alterra_Qualiry_Engineer/QE_Muhammad_Hafidz/Miniproject/Web Testing/target/site/serenity/f3d8e91b8bd3683f05afa6201f37ea83d7b513355d0f62f0757f11130779ffe7.png
  &amp#27;[32mWhen &amp#27;[0m&amp#27;[32mI click the Yes button&amp#27;[0m                                           &amp#27;[90m# starter.stepdefinitions.DeleteABook.iClickTheYesButton()&amp#27;[0m
21:52:55.298 [main] DEBUG net.serenitybdd.core.photography.Darkroom -- Send negative for processing for /home/hafidz/Documents/Belajar/Alterra_Qualiry_Engineer/QE_Muhammad_Hafidz/Miniproject/Web Testing/target/site/serenity/87c3a74fc54e766822a9567b5d5da62eaa757e0cb3ee48ad76be2ebdc5fb92fb.png
21:52:55.298 [Darkroom Processing Line] DEBUG net.serenitybdd.core.photography.DarkroomProcessingLine -- Processing screenshot image in /var/screenshots/screenshot-2019771862765767959
21:52:55.298 [Darkroom Processing Line] DEBUG net.serenitybdd.core.photography.DarkroomProcessingLine -- Saving screenshot to /home/hafidz/Documents/Belajar/Alterra_Qualiry_Engineer/QE_Muhammad_Hafidz/Miniproject/Web Testing/target/site/serenity/87c3a74fc54e766822a9567b5d5da62eaa757e0cb3ee48ad76be2ebdc5fb92fb.png
21:52:55.308 [main] DEBUG net.thucydides.core.steps.StepInterceptor -- STARTING STEP: CreateABook.iAmDirectedToTheMainMenuPage - VerifyThatImOnTheMainPage
21:52:55.838 [main] DEBUG net.serenitybdd.core.photography.Darkroom -- Send negative for processing for /home/hafidz/Documents/Belajar/Alterra_Qualiry_Engineer/QE_Muhammad_Hafidz/Miniproject/Web Testing/target/site/serenity/13c19a76669251aab8bb3a9e61a2113b409e17cce56e311e880ab9fbfccbc134.png
21:52:55.838 [Darkroom Processing Line] DEBUG net.serenitybdd.core.photography.DarkroomProcessingLine -- Processing screenshot image in /var/screenshots/screenshot-12554794578865391664
21:52:55.838 [main] DEBUG net.thucydides.core.steps.StepInterceptor -- STEP DONE: VerifyThatImOnTheMainPage
21:52:55.838 [Darkroom Processing Line] DEBUG net.serenitybdd.core.photography.DarkroomProcessingLine -- Saving screenshot to /home/hafidz/Documents/Belajar/Alterra_Qualiry_Engineer/QE_Muhammad_Hafidz/Miniproject/Web Testing/target/site/serenity/13c19a76669251aab8bb3a9e61a2113b409e17cce56e311e880ab9fbfccbc134.png
  &amp#27;[32mThen &amp#27;[0m&amp#27;[32mI am directed to the main menu page&amp#27;[0m                              &amp#27;[90m# starter.stepdefinitions.CreateABook.iAmDirectedToTheMainMenuPage()&amp#27;[0m
21:52:55.845 [main] INFO  -- 
  _____   ___   ___   _____     ___     _     ___   ___   ___   ___  
 |_   _| | __| / __| |_   _|   | _ \   /_\   / __| / __| | __| |   \ 
   | |   | _|  \__ \   | |     |  _/  / _ \  \__ \ \__ \ | _|  | |) |
   |_|   |___| |___/   |_|     |_|   /_/ \_\ |___/ |___/ |___| |___/ 

I can delete Data
----------------------------------------------------------------------
]]></system-out>
    <system-err><![CDATA[Jun 28, 2024 9:52:52 PM org.openqa.selenium.devtools.CdpVersionFinder findNearestMatch
WARNING: Unable to find an exact match for CDP version 124, returning the closest version; found: 122; Please update to a Selenium version that supports CDP version 124
]]></system-err>
  </testcase>
  <testcase name="I can edit a Book with Valid Data" classname="Edit Book" time="5.381">
    <system-out><![CDATA[21:52:55.954 [main] DEBUG io.cucumber.core.plugin.SerenityReporter -- Running feature from file:///home/hafidz/Documents/Belajar/Alterra_Qualiry_Engineer/QE_Muhammad_Hafidz/Miniproject/Web%20Testing/src/test/resources/features/EditBook.feature
21:52:55.959 [main] DEBUG net.thucydides.core.steps.StepEventBus -- Test suite started for story net.thucydides.model.domain.Story@69ed8660
21:52:55.960 [main] INFO  -- Test Suite Started: Edit Book

Scenario: I can edit a Book with Valid Data                        &amp#27;[90m# src/test/resources/features/EditBook.feature:6&amp#27;[0m
21:52:55.977 [main] DEBUG io.cucumber.core.plugin.SerenityReporter -- Running feature from file:///home/hafidz/Documents/Belajar/Alterra_Qualiry_Engineer/QE_Muhammad_Hafidz/Miniproject/Web%20Testing/src/test/resources/features/EditBook.feature
21:52:55.982 [main] INFO  -- 
  _____   ___   ___   _____     ___   _____     _     ___   _____   ___   ___  
 |_   _| | __| / __| |_   _|   / __| |_   _|   /_\   | _ \ |_   _| | __| |   \ 
   | |   | _|  \__ \   | |     \__ \   | |    / _ \  |   /   | |   | _|  | |) |
   |_|   |___| |___/   |_|     |___/   |_|   /_/ \_\ |_|_\   |_|   |___| |___/ 

I can edit a Book with Valid Data(edit-book;i-can-edit-a-book-with-valid-data)
--------------------------------------------------------------------------------
21:52:56.229 [main] INFO net.serenitybdd.core.webdriver.driverproviders.ChromeDriverProvider -- Starting Chrome driver instance with capabilities:
21:52:56.230 [main] INFO net.serenitybdd.core.webdriver.driverproviders.ChromeDriverProvider -- Capabilities {acceptInsecureCerts: false, browserName: chrome, goog:chromeOptions: {args: [remote-allow-origins=*], extensions: []}}
21:52:58.039 [main] DEBUG net.serenitybdd.core.photography.Darkroom -- Opening darkroom
21:52:58.040 [Darkroom Processing Line] DEBUG net.serenitybdd.core.photography.DarkroomProcessingLine -- Darkroom processing line starting up
21:52:58.435 [main] DEBUG net.serenitybdd.core.photography.Darkroom -- Send negative for processing for /home/hafidz/Documents/Belajar/Alterra_Qualiry_Engineer/QE_Muhammad_Hafidz/Miniproject/Web Testing/target/site/serenity/cd31d9dfa9006bce0eda9099d6c1898099921e4a20dca46282b695a7117eb40b.png
21:52:58.436 [Darkroom Processing Line] DEBUG net.serenitybdd.core.photography.DarkroomProcessingLine -- Processing screenshot image in /var/screenshots/screenshot-15394294415668252814
21:52:58.437 [Darkroom Processing Line] DEBUG net.serenitybdd.core.photography.DarkroomProcessingLine -- Saving screenshot to /home/hafidz/Documents/Belajar/Alterra_Qualiry_Engineer/QE_Muhammad_Hafidz/Miniproject/Web Testing/target/site/serenity/cd31d9dfa9006bce0eda9099d6c1898099921e4a20dca46282b695a7117eb40b.png
21:52:58.437 [main] DEBUG net.thucydides.core.steps.StepInterceptor -- STARTING STEP: CreateABook.iAmOnTheMainPage - VerifyThatImOnTheMainPage
21:52:58.831 [main] DEBUG net.serenitybdd.core.photography.Darkroom -- Send negative for processing for /home/hafidz/Documents/Belajar/Alterra_Qualiry_Engineer/QE_Muhammad_Hafidz/Miniproject/Web Testing/target/site/serenity/12ddf37f1a5f4be6308b6341bf7db1a89f2a9d327760c5c79a92619c62a2a871.png
21:52:58.831 [Darkroom Processing Line] DEBUG net.serenitybdd.core.photography.DarkroomProcessingLine -- Processing screenshot image in /var/screenshots/screenshot-18164346471156398893
21:52:58.831 [main] DEBUG net.thucydides.core.steps.StepInterceptor -- STEP DONE: VerifyThatImOnTheMainPage
21:52:58.831 [Darkroom Processing Line] DEBUG net.serenitybdd.core.photography.DarkroomProcessingLine -- Saving screenshot to /home/hafidz/Documents/Belajar/Alterra_Qualiry_Engineer/QE_Muhammad_Hafidz/Miniproject/Web Testing/target/site/serenity/12ddf37f1a5f4be6308b6341bf7db1a89f2a9d327760c5c79a92619c62a2a871.png
  &amp#27;[32mGiven &amp#27;[0m&amp#27;[32mI am on the main page&amp#27;[0m                                      &amp#27;[90m# starter.stepdefinitions.CreateABook.iAmOnTheMainPage()&amp#27;[0m
21:52:59.290 [main] DEBUG net.serenitybdd.core.photography.Darkroom -- Send negative for processing for /home/hafidz/Documents/Belajar/Alterra_Qualiry_Engineer/QE_Muhammad_Hafidz/Miniproject/Web Testing/target/site/serenity/12ddf37f1a5f4be6308b6341bf7db1a89f2a9d327760c5c79a92619c62a2a871.png
21:52:59.291 [main] DEBUG net.thucydides.core.steps.StepInterceptor -- STARTING STEP: EditABook.iClickTheEditButton - ClickOnTheEditButton
21:52:59.655 [main] DEBUG net.serenitybdd.core.photography.Darkroom -- Send negative for processing for /home/hafidz/Documents/Belajar/Alterra_Qualiry_Engineer/QE_Muhammad_Hafidz/Miniproject/Web Testing/target/site/serenity/48ab9c2e8a509406e17312dd071f34e8b914ecb3719ed62b8b94391a4618220e.png
21:52:59.656 [main] DEBUG net.thucydides.core.steps.StepInterceptor -- STEP DONE: ClickOnTheEditButton
21:52:59.656 [Darkroom Processing Line] DEBUG net.serenitybdd.core.photography.DarkroomProcessingLine -- Processing screenshot image in /var/screenshots/screenshot-16564994951579531936
21:52:59.656 [Darkroom Processing Line] DEBUG net.serenitybdd.core.photography.DarkroomProcessingLine -- Saving screenshot to /home/hafidz/Documents/Belajar/Alterra_Qualiry_Engineer/QE_Muhammad_Hafidz/Miniproject/Web Testing/target/site/serenity/48ab9c2e8a509406e17312dd071f34e8b914ecb3719ed62b8b94391a4618220e.png
  &amp#27;[32mWhen &amp#27;[0m&amp#27;[32mI click the Edit button&amp#27;[0m                                     &amp#27;[90m# starter.stepdefinitions.EditABook.iClickTheEditButton()&amp#27;[0m
21:52:59.670 [main] DEBUG net.thucydides.core.steps.StepInterceptor -- STARTING STEP: EditABook.iAmDirectedToTheEditPage - VerifyThatImOnEditPage
21:52:59.944 [main] DEBUG net.serenitybdd.core.photography.Darkroom -- Send negative for processing for /home/hafidz/Documents/Belajar/Alterra_Qualiry_Engineer/QE_Muhammad_Hafidz/Miniproject/Web Testing/target/site/serenity/b6a9042a04abc9d5ea587a567a440f9de4d4730a7e8c8b9dc2ad84c66938574d.png
21:52:59.945 [Darkroom Processing Line] DEBUG net.serenitybdd.core.photography.DarkroomProcessingLine -- Processing screenshot image in /var/screenshots/screenshot-4540961576388956094
21:52:59.945 [main] DEBUG net.thucydides.core.steps.StepInterceptor -- STEP DONE: VerifyThatImOnEditPage
21:52:59.945 [Darkroom Processing Line] DEBUG net.serenitybdd.core.photography.DarkroomProcessingLine -- Saving screenshot to /home/hafidz/Documents/Belajar/Alterra_Qualiry_Engineer/QE_Muhammad_Hafidz/Miniproject/Web Testing/target/site/serenity/b6a9042a04abc9d5ea587a567a440f9de4d4730a7e8c8b9dc2ad84c66938574d.png
  &amp#27;[32mAnd &amp#27;[0m&amp#27;[32mI am directed to the Edit page&amp#27;[0m                               &amp#27;[90m# starter.stepdefinitions.EditABook.iAmDirectedToTheEditPage()&amp#27;[0m
21:52:59.962 [main] DEBUG net.thucydides.core.steps.StepInterceptor -- STARTING STEP: CreateABook.iInputValidDataIncludingTitleAuthorAndPublishYear - InputtingData
21:53:00.524 [main] DEBUG net.serenitybdd.core.photography.Darkroom -- Send negative for processing for /home/hafidz/Documents/Belajar/Alterra_Qualiry_Engineer/QE_Muhammad_Hafidz/Miniproject/Web Testing/target/site/serenity/5ec50cdcaabf160e3d519fdd59aee61ba212f6a97be255af05f8f51f92819e9c.png
21:53:00.524 [Darkroom Processing Line] DEBUG net.serenitybdd.core.photography.DarkroomProcessingLine -- Processing screenshot image in /var/screenshots/screenshot-2775559339033277382
21:53:00.524 [main] DEBUG net.thucydides.core.steps.StepInterceptor -- STEP DONE: InputtingData
21:53:00.524 [Darkroom Processing Line] DEBUG net.serenitybdd.core.photography.DarkroomProcessingLine -- Saving screenshot to /home/hafidz/Documents/Belajar/Alterra_Qualiry_Engineer/QE_Muhammad_Hafidz/Miniproject/Web Testing/target/site/serenity/5ec50cdcaabf160e3d519fdd59aee61ba212f6a97be255af05f8f51f92819e9c.png
  &amp#27;[32mAnd &amp#27;[0m&amp#27;[32mI input valid data including Title, Author, and Publish Year&amp#27;[0m &amp#27;[90m# starter.stepdefinitions.CreateABook.iInputValidDataIncludingTitleAuthorAndPublishYear()&amp#27;[0m
21:53:00.536 [main] DEBUG net.thucydides.core.steps.StepInterceptor -- STARTING STEP: EditABook.iClickTheEditBookButton - ClickSaveBookButton
21:53:00.906 [main] DEBUG net.serenitybdd.core.photography.Darkroom -- Send negative for processing for /home/hafidz/Documents/Belajar/Alterra_Qualiry_Engineer/QE_Muhammad_Hafidz/Miniproject/Web Testing/target/site/serenity/7c37385931d8df91cb2fb84a693cf9819eef057e7ac5116dfd917f5801b04935.png
21:53:00.906 [Darkroom Processing Line] DEBUG net.serenitybdd.core.photography.DarkroomProcessingLine -- Processing screenshot image in /var/screenshots/screenshot-2684547823301098812
21:53:00.906 [main] DEBUG net.thucydides.core.steps.StepInterceptor -- STEP DONE: ClickSaveBookButton
21:53:00.906 [Darkroom Processing Line] DEBUG net.serenitybdd.core.photography.DarkroomProcessingLine -- Saving screenshot to /home/hafidz/Documents/Belajar/Alterra_Qualiry_Engineer/QE_Muhammad_Hafidz/Miniproject/Web Testing/target/site/serenity/7c37385931d8df91cb2fb84a693cf9819eef057e7ac5116dfd917f5801b04935.png
  &amp#27;[32mAnd &amp#27;[0m&amp#27;[32mI click the Edit Book button&amp#27;[0m                                 &amp#27;[90m# starter.stepdefinitions.EditABook.iClickTheEditBookButton()&amp#27;[0m
21:53:00.923 [main] DEBUG net.thucydides.core.steps.StepInterceptor -- STARTING STEP: EditABook.iAmDirectedToTheInformationPage - VerifyThatImOnBookInformartionPage
21:53:01.220 [main] DEBUG net.serenitybdd.core.photography.Darkroom -- Send negative for processing for /home/hafidz/Documents/Belajar/Alterra_Qualiry_Engineer/QE_Muhammad_Hafidz/Miniproject/Web Testing/target/site/serenity/f738d82a5614b8287db03a71b2fca3b4660da9f2dec6eefc65b20e28fb36058e.png
21:53:01.220 [main] DEBUG net.thucydides.core.steps.StepInterceptor -- STEP DONE: VerifyThatImOnBookInformartionPage
21:53:01.220 [Darkroom Processing Line] DEBUG net.serenitybdd.core.photography.DarkroomProcessingLine -- Processing screenshot image in /var/screenshots/screenshot-18308955875403757933
21:53:01.220 [Darkroom Processing Line] DEBUG net.serenitybdd.core.photography.DarkroomProcessingLine -- Saving screenshot to /home/hafidz/Documents/Belajar/Alterra_Qualiry_Engineer/QE_Muhammad_Hafidz/Miniproject/Web Testing/target/site/serenity/f738d82a5614b8287db03a71b2fca3b4660da9f2dec6eefc65b20e28fb36058e.png
  &amp#27;[32mThen &amp#27;[0m&amp#27;[32mI am directed to the Information Page&amp#27;[0m                       &amp#27;[90m# starter.stepdefinitions.EditABook.iAmDirectedToTheInformationPage()&amp#27;[0m
21:53:01.224 [main] INFO  -- 
  _____   ___   ___   _____     ___     _     ___   ___   ___   ___  
 |_   _| | __| / __| |_   _|   | _ \   /_\   / __| / __| | __| |   \ 
   | |   | _|  \__ \   | |     |  _/  / _ \  \__ \ \__ \ | _|  | |) |
   |_|   |___| |___/   |_|     |_|   /_/ \_\ |___/ |___/ |___| |___/ 

I can edit a Book with Valid Data
----------------------------------------------------------------------
]]></system-out>
    <system-err><![CDATA[Jun 28, 2024 9:52:57 PM org.openqa.selenium.devtools.CdpVersionFinder findNearestMatch
WARNING: Unable to find an exact match for CDP version 124, returning the closest version; found: 122; Please update to a Selenium version that supports CDP version 124
]]></system-err>
  </testcase>
  <testcase name="I cannot edit a Book with Missing Title" classname="Edit Book" time="5.13">
    <failure type="org.opentest4j.AssertionFailedError"><![CDATA[org.opentest4j.AssertionFailedError: expected: <true> but was: <false>
]]></failure>
    <system-out><![CDATA[
Scenario: I cannot edit a Book with Missing Title                             &amp#27;[90m# src/test/resources/features/EditBook.feature:14&amp#27;[0m
21:53:01.358 [main] DEBUG io.cucumber.core.plugin.SerenityReporter -- Running feature from file:///home/hafidz/Documents/Belajar/Alterra_Qualiry_Engineer/QE_Muhammad_Hafidz/Miniproject/Web%20Testing/src/test/resources/features/EditBook.feature
21:53:01.361 [main] INFO  -- 
  _____   ___   ___   _____     ___   _____     _     ___   _____   ___   ___  
 |_   _| | __| / __| |_   _|   / __| |_   _|   /_\   | _ \ |_   _| | __| |   \ 
   | |   | _|  \__ \   | |     \__ \   | |    / _ \  |   /   | |   | _|  | |) |
   |_|   |___| |___/   |_|     |___/   |_|   /_/ \_\ |_|_\   |_|   |___| |___/ 

I cannot edit a Book with Missing Title(edit-book;i-cannot-edit-a-book-with-missing-title)
--------------------------------------------------------------------------------
21:53:01.509 [main] INFO net.serenitybdd.core.webdriver.driverproviders.ChromeDriverProvider -- Starting Chrome driver instance with capabilities:
21:53:01.510 [main] INFO net.serenitybdd.core.webdriver.driverproviders.ChromeDriverProvider -- Capabilities {acceptInsecureCerts: false, browserName: chrome, goog:chromeOptions: {args: [remote-allow-origins=*], extensions: []}}
21:53:03.515 [main] DEBUG net.serenitybdd.core.photography.Darkroom -- Send negative for processing for /home/hafidz/Documents/Belajar/Alterra_Qualiry_Engineer/QE_Muhammad_Hafidz/Miniproject/Web Testing/target/site/serenity/78a402610895ca5d81c96681b053e1bd6f87473966da1c677e99281b2b04f004.png
21:53:03.516 [main] DEBUG net.thucydides.core.steps.StepInterceptor -- STARTING STEP: CreateABook.iAmOnTheMainPage - VerifyThatImOnTheMainPage
21:53:03.561 [main] DEBUG net.thucydides.core.steps.StepInterceptor -- STEP DONE: VerifyThatImOnTheMainPage
  &amp#27;[32mGiven &amp#27;[0m&amp#27;[32mI am on the main page&amp#27;[0m                                                 &amp#27;[90m# starter.stepdefinitions.CreateABook.iAmOnTheMainPage()&amp#27;[0m
21:53:03.803 [main] DEBUG net.serenitybdd.core.photography.Darkroom -- Send negative for processing for /home/hafidz/Documents/Belajar/Alterra_Qualiry_Engineer/QE_Muhammad_Hafidz/Miniproject/Web Testing/target/site/serenity/4eb103cfd8150ef603fb52d13367327e58ead2aa043d3047a7f6e97a8e6c74b1.png
21:53:04.202 [main] DEBUG net.serenitybdd.core.photography.Darkroom -- Send negative for processing for /home/hafidz/Documents/Belajar/Alterra_Qualiry_Engineer/QE_Muhammad_Hafidz/Miniproject/Web Testing/target/site/serenity/62105d7165888bd9de22d7f3cc78ff755292500ee52da41aba48f9869ad9a2d4.png
21:53:04.202 [Darkroom Processing Line] DEBUG net.serenitybdd.core.photography.DarkroomProcessingLine -- Processing screenshot image in /var/screenshots/screenshot-9459234545502223936
21:53:04.203 [Darkroom Processing Line] DEBUG net.serenitybdd.core.photography.DarkroomProcessingLine -- Saving screenshot to /home/hafidz/Documents/Belajar/Alterra_Qualiry_Engineer/QE_Muhammad_Hafidz/Miniproject/Web Testing/target/site/serenity/62105d7165888bd9de22d7f3cc78ff755292500ee52da41aba48f9869ad9a2d4.png
21:53:04.203 [main] DEBUG net.thucydides.core.steps.StepInterceptor -- STARTING STEP: EditABook.iClickTheEditButton - ClickOnTheEditButton
21:53:04.528 [main] DEBUG net.serenitybdd.core.photography.Darkroom -- Send negative for processing for /home/hafidz/Documents/Belajar/Alterra_Qualiry_Engineer/QE_Muhammad_Hafidz/Miniproject/Web Testing/target/site/serenity/0289d6600feabd226ffed25f1f8f5160e4267950e4b203dad03c5ba84782ac72.png
21:53:04.528 [Darkroom Processing Line] DEBUG net.serenitybdd.core.photography.DarkroomProcessingLine -- Processing screenshot image in /var/screenshots/screenshot-12656108360983987904
21:53:04.529 [main] DEBUG net.thucydides.core.steps.StepInterceptor -- STEP DONE: ClickOnTheEditButton
21:53:04.529 [Darkroom Processing Line] DEBUG net.serenitybdd.core.photography.DarkroomProcessingLine -- Saving screenshot to /home/hafidz/Documents/Belajar/Alterra_Qualiry_Engineer/QE_Muhammad_Hafidz/Miniproject/Web Testing/target/site/serenity/0289d6600feabd226ffed25f1f8f5160e4267950e4b203dad03c5ba84782ac72.png
  &amp#27;[32mWhen &amp#27;[0m&amp#27;[32mI click the Edit button&amp#27;[0m                                                &amp#27;[90m# starter.stepdefinitions.EditABook.iClickTheEditButton()&amp#27;[0m
21:53:04.545 [main] DEBUG net.thucydides.core.steps.StepInterceptor -- STARTING STEP: EditABook.iAmDirectedToTheEditPage - VerifyThatImOnEditPage
21:53:04.773 [main] DEBUG net.serenitybdd.core.photography.Darkroom -- Send negative for processing for /home/hafidz/Documents/Belajar/Alterra_Qualiry_Engineer/QE_Muhammad_Hafidz/Miniproject/Web Testing/target/site/serenity/0d8c4c418244b7fda5a6181e71f31dbce8236f564256c59bb9c3afed766caed4.png
21:53:04.773 [Darkroom Processing Line] DEBUG net.serenitybdd.core.photography.DarkroomProcessingLine -- Processing screenshot image in /var/screenshots/screenshot-1574869301347515179
21:53:04.773 [Darkroom Processing Line] DEBUG net.serenitybdd.core.photography.DarkroomProcessingLine -- Saving screenshot to /home/hafidz/Documents/Belajar/Alterra_Qualiry_Engineer/QE_Muhammad_Hafidz/Miniproject/Web Testing/target/site/serenity/0d8c4c418244b7fda5a6181e71f31dbce8236f564256c59bb9c3afed766caed4.png
21:53:04.773 [main] DEBUG net.thucydides.core.steps.StepInterceptor -- STEP DONE: VerifyThatImOnEditPage
  &amp#27;[32mAnd &amp#27;[0m&amp#27;[32mI am directed to the Edit page&amp#27;[0m                                          &amp#27;[90m# starter.stepdefinitions.EditABook.iAmDirectedToTheEditPage()&amp#27;[0m
21:53:04.784 [main] DEBUG net.thucydides.core.steps.StepInterceptor -- STARTING STEP: CreateABook.iInputDataIncludingAuthorAndPublishYearButWithMissingTitle - InputtingData
21:53:05.289 [main] DEBUG net.serenitybdd.core.photography.Darkroom -- Send negative for processing for /home/hafidz/Documents/Belajar/Alterra_Qualiry_Engineer/QE_Muhammad_Hafidz/Miniproject/Web Testing/target/site/serenity/5ec50cdcaabf160e3d519fdd59aee61ba212f6a97be255af05f8f51f92819e9c.png
21:53:05.290 [main] DEBUG net.thucydides.core.steps.StepInterceptor -- STEP DONE: InputtingData
  &amp#27;[32mAnd &amp#27;[0m&amp#27;[32mI input data including Author and Publish Year but with a missing Title&amp#27;[0m &amp#27;[90m# starter.stepdefinitions.CreateABook.iInputDataIncludingAuthorAndPublishYearButWithMissingTitle()&amp#27;[0m
21:53:05.304 [main] DEBUG net.thucydides.core.steps.StepInterceptor -- STARTING STEP: EditABook.iClickTheEditBookButton - ClickSaveBookButton
21:53:05.637 [main] DEBUG net.serenitybdd.core.photography.Darkroom -- Send negative for processing for /home/hafidz/Documents/Belajar/Alterra_Qualiry_Engineer/QE_Muhammad_Hafidz/Miniproject/Web Testing/target/site/serenity/975030e240fbee608e9f862b036d285d866b30734626a592d067115c8dbca0f2.png
21:53:05.637 [Darkroom Processing Line] DEBUG net.serenitybdd.core.photography.DarkroomProcessingLine -- Processing screenshot image in /var/screenshots/screenshot-14633743818520016145
21:53:05.637 [Darkroom Processing Line] DEBUG net.serenitybdd.core.photography.DarkroomProcessingLine -- Saving screenshot to /home/hafidz/Documents/Belajar/Alterra_Qualiry_Engineer/QE_Muhammad_Hafidz/Miniproject/Web Testing/target/site/serenity/975030e240fbee608e9f862b036d285d866b30734626a592d067115c8dbca0f2.png
21:53:05.637 [main] DEBUG net.thucydides.core.steps.StepInterceptor -- STEP DONE: ClickSaveBookButton
  &amp#27;[32mAnd &amp#27;[0m&amp#27;[32mI click the Edit Book button&amp#27;[0m                                            &amp#27;[90m# starter.stepdefinitions.EditABook.iClickTheEditBookButton()&amp#27;[0m
21:53:05.657 [main] DEBUG net.thucydides.core.steps.StepInterceptor -- STARTING STEP: EditABook.iRemainOnTheEditPage - VerifyThatImOnEditPage
21:53:05.928 [main] DEBUG net.serenitybdd.core.photography.Darkroom -- Send negative for processing for /home/hafidz/Documents/Belajar/Alterra_Qualiry_Engineer/QE_Muhammad_Hafidz/Miniproject/Web Testing/target/site/serenity/d0f6b792015f1c12778ae7df676849552afd4132ede51dac841cd63bedf1897a.png
21:53:05.928 [Darkroom Processing Line] DEBUG net.serenitybdd.core.photography.DarkroomProcessingLine -- Processing screenshot image in /var/screenshots/screenshot-15745972623955286529
21:53:05.928 [Darkroom Processing Line] DEBUG net.serenitybdd.core.photography.DarkroomProcessingLine -- Saving screenshot to /home/hafidz/Documents/Belajar/Alterra_Qualiry_Engineer/QE_Muhammad_Hafidz/Miniproject/Web Testing/target/site/serenity/d0f6b792015f1c12778ae7df676849552afd4132ede51dac841cd63bedf1897a.png
21:53:05.928 [main] DEBUG net.thucydides.core.steps.StepInterceptor -- STEP DONE: VerifyThatImOnEditPage
  &amp#27;[32mThen &amp#27;[0m&amp#27;[32mI remain on the Edit page&amp#27;[0m                                              &amp#27;[90m# starter.stepdefinitions.EditABook.iRemainOnTheEditPage()&amp#27;[0m
  &amp#27;[31mAnd &amp#27;[0m&amp#27;[31mAn error occurs&amp#27;[0m                                                         &amp#27;[90m# starter.stepdefinitions.CreateABook.anErrorOccurs()&amp#27;[0m
      &amp#27;[31morg.opentest4j.AssertionFailedError: expected: <true> but was: <false>
	at org.junit.jupiter.api.AssertionFailureBuilder.build(AssertionFailureBuilder.java:151)
	at org.junit.jupiter.api.AssertionFailureBuilder.buildAndThrow(AssertionFailureBuilder.java:132)
	at org.junit.jupiter.api.AssertTrue.failNotTrue(AssertTrue.java:63)
	at org.junit.jupiter.api.AssertTrue.assertTrue(AssertTrue.java:36)
	at org.junit.jupiter.api.AssertTrue.assertTrue(AssertTrue.java:31)
	at org.junit.jupiter.api.Assertions.assertTrue(Assertions.java:180)
	at web.serenity.starter@1.0-SNAPSHOT/starter.stepdefinitions.CreateABook.anErrorOccurs(CreateABook.java:74)
	at ✽.An error occurs(file:///home/hafidz/Documents/Belajar/Alterra_Qualiry_Engineer/QE_Muhammad_Hafidz/Miniproject/Web%20Testing/src/test/resources/features/EditBook.feature:21)
&amp#27;[0m
21:53:06.335 [main] DEBUG net.serenitybdd.core.photography.Darkroom -- Send negative for processing for /home/hafidz/Documents/Belajar/Alterra_Qualiry_Engineer/QE_Muhammad_Hafidz/Miniproject/Web Testing/target/site/serenity/fccbec859a79028fd201104b6f9fc230d49c1b07fb32ad188caa177fa6e47165.png
21:53:06.335 [Darkroom Processing Line] DEBUG net.serenitybdd.core.photography.DarkroomProcessingLine -- Processing screenshot image in /var/screenshots/screenshot-14709696093818758109
21:53:06.335 [Darkroom Processing Line] DEBUG net.serenitybdd.core.photography.DarkroomProcessingLine -- Saving screenshot to /home/hafidz/Documents/Belajar/Alterra_Qualiry_Engineer/QE_Muhammad_Hafidz/Miniproject/Web Testing/target/site/serenity/fccbec859a79028fd201104b6f9fc230d49c1b07fb32ad188caa177fa6e47165.png
21:53:06.358 [main] ERROR  -- 
  _____   ___   ___   _____     ___     _     ___   _      ___   ___  
 |_   _| | __| / __| |_   _|   | __|   /_\   |_ _| | |    | __| |   \ 
   | |   | _|  \__ \   | |     | _|   / _ \   | |  | |__  | _|  | |) |
   |_|   |___| |___/   |_|     |_|   /_/ \_\ |___| |____| |___| |___/ 

I cannot edit a Book with Missing Title
-----------------------------------------------------------------------
21:53:06.359 [main] DEBUG  -- RELATED ISSUES: 
21:53:06.359 [main] ERROR  --     Test failed at step: And An error occurs
21:53:06.359 [main] ERROR  --     expected: <true> but was: <false>
]]></system-out>
    <system-err><![CDATA[Jun 28, 2024 9:53:02 PM org.openqa.selenium.devtools.CdpVersionFinder findNearestMatch
WARNING: Unable to find an exact match for CDP version 124, returning the closest version; found: 122; Please update to a Selenium version that supports CDP version 124
]]></system-err>
  </testcase>
  <testcase name="I cannot edit a Book with Missing Year" classname="Edit Book" time="5.807">
    <system-out><![CDATA[
Scenario: I cannot edit a Book with Missing Year                      &amp#27;[90m# src/test/resources/features/EditBook.feature:23&amp#27;[0m
21:53:06.485 [main] DEBUG io.cucumber.core.plugin.SerenityReporter -- Running feature from file:///home/hafidz/Documents/Belajar/Alterra_Qualiry_Engineer/QE_Muhammad_Hafidz/Miniproject/Web%20Testing/src/test/resources/features/EditBook.feature
21:53:06.489 [main] INFO  -- 
  _____   ___   ___   _____     ___   _____     _     ___   _____   ___   ___  
 |_   _| | __| / __| |_   _|   / __| |_   _|   /_\   | _ \ |_   _| | __| |   \ 
   | |   | _|  \__ \   | |     \__ \   | |    / _ \  |   /   | |   | _|  | |) |
   |_|   |___| |___/   |_|     |___/   |_|   /_/ \_\ |_|_\   |_|   |___| |___/ 

I cannot edit a Book with Missing Year(edit-book;i-cannot-edit-a-book-with-missing-year)
--------------------------------------------------------------------------------
21:53:06.721 [main] INFO net.serenitybdd.core.webdriver.driverproviders.ChromeDriverProvider -- Starting Chrome driver instance with capabilities:
21:53:06.722 [main] INFO net.serenitybdd.core.webdriver.driverproviders.ChromeDriverProvider -- Capabilities {acceptInsecureCerts: false, browserName: chrome, goog:chromeOptions: {args: [remote-allow-origins=*], extensions: []}}
21:53:09.099 [main] DEBUG net.serenitybdd.core.photography.Darkroom -- Send negative for processing for /home/hafidz/Documents/Belajar/Alterra_Qualiry_Engineer/QE_Muhammad_Hafidz/Miniproject/Web Testing/target/site/serenity/3633f78a3582b3b14c843bf2756abbe730e7463c3935cd0ffe1a546b23d55a3c.png
21:53:09.099 [Darkroom Processing Line] DEBUG net.serenitybdd.core.photography.DarkroomProcessingLine -- Processing screenshot image in /var/screenshots/screenshot-13752457985716570418
21:53:09.099 [Darkroom Processing Line] DEBUG net.serenitybdd.core.photography.DarkroomProcessingLine -- Saving screenshot to /home/hafidz/Documents/Belajar/Alterra_Qualiry_Engineer/QE_Muhammad_Hafidz/Miniproject/Web Testing/target/site/serenity/3633f78a3582b3b14c843bf2756abbe730e7463c3935cd0ffe1a546b23d55a3c.png
21:53:09.101 [main] DEBUG net.thucydides.core.steps.StepInterceptor -- STARTING STEP: CreateABook.iAmOnTheMainPage - VerifyThatImOnTheMainPage
21:53:09.425 [main] DEBUG net.serenitybdd.core.photography.Darkroom -- Send negative for processing for /home/hafidz/Documents/Belajar/Alterra_Qualiry_Engineer/QE_Muhammad_Hafidz/Miniproject/Web Testing/target/site/serenity/4220e819f736fb971ecc6db4d345508a78f66b89d55cc82a7d79e20e42e07775.png
21:53:09.425 [Darkroom Processing Line] DEBUG net.serenitybdd.core.photography.DarkroomProcessingLine -- Processing screenshot image in /var/screenshots/screenshot-16116982962546160320
21:53:09.425 [main] DEBUG net.thucydides.core.steps.StepInterceptor -- STEP DONE: VerifyThatImOnTheMainPage
21:53:09.425 [Darkroom Processing Line] DEBUG net.serenitybdd.core.photography.DarkroomProcessingLine -- Saving screenshot to /home/hafidz/Documents/Belajar/Alterra_Qualiry_Engineer/QE_Muhammad_Hafidz/Miniproject/Web Testing/target/site/serenity/4220e819f736fb971ecc6db4d345508a78f66b89d55cc82a7d79e20e42e07775.png
  &amp#27;[32mGiven &amp#27;[0m&amp#27;[32mI am on the main page&amp#27;[0m                                         &amp#27;[90m# starter.stepdefinitions.CreateABook.iAmOnTheMainPage()&amp#27;[0m
21:53:09.801 [main] DEBUG net.serenitybdd.core.photography.Darkroom -- Send negative for processing for /home/hafidz/Documents/Belajar/Alterra_Qualiry_Engineer/QE_Muhammad_Hafidz/Miniproject/Web Testing/target/site/serenity/62105d7165888bd9de22d7f3cc78ff755292500ee52da41aba48f9869ad9a2d4.png
21:53:09.802 [main] DEBUG net.thucydides.core.steps.StepInterceptor -- STARTING STEP: EditABook.iClickTheEditButton - ClickOnTheEditButton
21:53:10.161 [main] DEBUG net.serenitybdd.core.photography.Darkroom -- Send negative for processing for /home/hafidz/Documents/Belajar/Alterra_Qualiry_Engineer/QE_Muhammad_Hafidz/Miniproject/Web Testing/target/site/serenity/7c352946fc23a200704b10c6949bec9cd4939ac3828a4b56293ddad0a609ef65.png
21:53:10.161 [Darkroom Processing Line] DEBUG net.serenitybdd.core.photography.DarkroomProcessingLine -- Processing screenshot image in /var/screenshots/screenshot-5628662061154920783
21:53:10.161 [main] DEBUG net.thucydides.core.steps.StepInterceptor -- STEP DONE: ClickOnTheEditButton
21:53:10.161 [Darkroom Processing Line] DEBUG net.serenitybdd.core.photography.DarkroomProcessingLine -- Saving screenshot to /home/hafidz/Documents/Belajar/Alterra_Qualiry_Engineer/QE_Muhammad_Hafidz/Miniproject/Web Testing/target/site/serenity/7c352946fc23a200704b10c6949bec9cd4939ac3828a4b56293ddad0a609ef65.png
  &amp#27;[32mWhen &amp#27;[0m&amp#27;[32mI click the Edit button&amp#27;[0m                                        &amp#27;[90m# starter.stepdefinitions.EditABook.iClickTheEditButton()&amp#27;[0m
21:53:10.175 [main] DEBUG net.thucydides.core.steps.StepInterceptor -- STARTING STEP: EditABook.iAmDirectedToTheEditPage - VerifyThatImOnEditPage
21:53:10.384 [main] DEBUG net.serenitybdd.core.photography.Darkroom -- Send negative for processing for /home/hafidz/Documents/Belajar/Alterra_Qualiry_Engineer/QE_Muhammad_Hafidz/Miniproject/Web Testing/target/site/serenity/0d8c4c418244b7fda5a6181e71f31dbce8236f564256c59bb9c3afed766caed4.png
21:53:10.384 [main] DEBUG net.thucydides.core.steps.StepInterceptor -- STEP DONE: VerifyThatImOnEditPage
  &amp#27;[32mAnd &amp#27;[0m&amp#27;[32mI am directed to the Edit page&amp#27;[0m                                  &amp#27;[90m# starter.stepdefinitions.EditABook.iAmDirectedToTheEditPage()&amp#27;[0m
21:53:10.409 [main] DEBUG net.thucydides.core.steps.StepInterceptor -- STARTING STEP: EditABook.iInputDataIncludingAuthorAndTitleButWithMissingYear - InputtingData
21:53:11.002 [main] DEBUG net.serenitybdd.core.photography.Darkroom -- Send negative for processing for /home/hafidz/Documents/Belajar/Alterra_Qualiry_Engineer/QE_Muhammad_Hafidz/Miniproject/Web Testing/target/site/serenity/579ab39842269204491c3d8fec5a92c6019edaf86f1992bb021cb28d72d34dc5.png
21:53:11.002 [Darkroom Processing Line] DEBUG net.serenitybdd.core.photography.DarkroomProcessingLine -- Processing screenshot image in /var/screenshots/screenshot-15861648681525396951
21:53:11.002 [main] DEBUG net.thucydides.core.steps.StepInterceptor -- STEP DONE: InputtingData
21:53:11.002 [Darkroom Processing Line] DEBUG net.serenitybdd.core.photography.DarkroomProcessingLine -- Saving screenshot to /home/hafidz/Documents/Belajar/Alterra_Qualiry_Engineer/QE_Muhammad_Hafidz/Miniproject/Web Testing/target/site/serenity/579ab39842269204491c3d8fec5a92c6019edaf86f1992bb021cb28d72d34dc5.png
  &amp#27;[32mAnd &amp#27;[0m&amp#27;[32mI input data including Author and Title but with a missing Year&amp#27;[0m &amp#27;[90m# starter.stepdefinitions.EditABook.iInputDataIncludingAuthorAndTitleButWithMissingYear()&amp#27;[0m
21:53:11.011 [main] DEBUG net.thucydides.core.steps.StepInterceptor -- STARTING STEP: EditABook.iClickTheEditBookButton - ClickSaveBookButton
21:53:11.353 [main] DEBUG net.serenitybdd.core.photography.Darkroom -- Send negative for processing for /home/hafidz/Documents/Belajar/Alterra_Qualiry_Engineer/QE_Muhammad_Hafidz/Miniproject/Web Testing/target/site/serenity/24793e07a545d6c7168fbaa84fc52c3d7e8ca022e5312dcd7aad03a1c12b1584.png
21:53:11.353 [main] DEBUG net.thucydides.core.steps.StepInterceptor -- STEP DONE: ClickSaveBookButton
21:53:11.353 [Darkroom Processing Line] DEBUG net.serenitybdd.core.photography.DarkroomProcessingLine -- Processing screenshot image in /var/screenshots/screenshot-17223734275918047310
21:53:11.353 [Darkroom Processing Line] DEBUG net.serenitybdd.core.photography.DarkroomProcessingLine -- Saving screenshot to /home/hafidz/Documents/Belajar/Alterra_Qualiry_Engineer/QE_Muhammad_Hafidz/Miniproject/Web Testing/target/site/serenity/24793e07a545d6c7168fbaa84fc52c3d7e8ca022e5312dcd7aad03a1c12b1584.png
  &amp#27;[32mAnd &amp#27;[0m&amp#27;[32mI click the Edit Book button&amp#27;[0m                                    &amp#27;[90m# starter.stepdefinitions.EditABook.iClickTheEditBookButton()&amp#27;[0m
21:53:11.365 [main] DEBUG net.thucydides.core.steps.StepInterceptor -- STARTING STEP: EditABook.iRemainOnTheEditPage - VerifyThatImOnEditPage
21:53:11.390 [main] DEBUG net.thucydides.core.steps.StepInterceptor -- STEP DONE: VerifyThatImOnEditPage
  &amp#27;[32mThen &amp#27;[0m&amp#27;[32mI remain on the Edit page&amp#27;[0m                                      &amp#27;[90m# starter.stepdefinitions.EditABook.iRemainOnTheEditPage()&amp#27;[0m
  &amp#27;[32mAnd &amp#27;[0m&amp#27;[32mAn error occurs&amp#27;[0m                                                 &amp#27;[90m# starter.stepdefinitions.CreateABook.anErrorOccurs()&amp#27;[0m
21:53:12.164 [main] DEBUG net.serenitybdd.core.photography.Darkroom -- Send negative for processing for /home/hafidz/Documents/Belajar/Alterra_Qualiry_Engineer/QE_Muhammad_Hafidz/Miniproject/Web Testing/target/site/serenity/faa5348082fa8335ff429bad244b864e94ad597dac40aa59143fa7864e4437ad.png
21:53:12.164 [Darkroom Processing Line] DEBUG net.serenitybdd.core.photography.DarkroomProcessingLine -- Processing screenshot image in /var/screenshots/screenshot-15306703034167846051
21:53:12.164 [Darkroom Processing Line] DEBUG net.serenitybdd.core.photography.DarkroomProcessingLine -- Saving screenshot to /home/hafidz/Documents/Belajar/Alterra_Qualiry_Engineer/QE_Muhammad_Hafidz/Miniproject/Web Testing/target/site/serenity/faa5348082fa8335ff429bad244b864e94ad597dac40aa59143fa7864e4437ad.png
21:53:12.165 [main] INFO  -- 
  _____   ___   ___   _____     ___     _     ___   ___   ___   ___  
 |_   _| | __| / __| |_   _|   | _ \   /_\   / __| / __| | __| |   \ 
   | |   | _|  \__ \   | |     |  _/  / _ \  \__ \ \__ \ | _|  | |) |
   |_|   |___| |___/   |_|     |_|   /_/ \_\ |___/ |___/ |___| |___/ 

I cannot edit a Book with Missing Year
----------------------------------------------------------------------
]]></system-out>
    <system-err><![CDATA[Jun 28, 2024 9:53:08 PM org.openqa.selenium.devtools.CdpVersionFinder findNearestMatch
WARNING: Unable to find an exact match for CDP version 124, returning the closest version; found: 122; Please update to a Selenium version that supports CDP version 124
]]></system-err>
  </testcase>
  <testcase name="I can read Information" classname="Read Information" time="3.968">
    <system-out><![CDATA[21:53:12.280 [main] DEBUG io.cucumber.core.plugin.SerenityReporter -- Running feature from file:///home/hafidz/Documents/Belajar/Alterra_Qualiry_Engineer/QE_Muhammad_Hafidz/Miniproject/Web%20Testing/src/test/resources/features/ReadInformation.feature
21:53:12.287 [main] DEBUG net.thucydides.core.steps.StepEventBus -- Test suite started for story net.thucydides.model.domain.Story@d25832c0
21:53:12.288 [main] INFO  -- Test Suite Started: Read Information

Scenario: I can read Information             &amp#27;[90m# src/test/resources/features/ReadInformation.feature:6&amp#27;[0m
21:53:12.301 [main] DEBUG io.cucumber.core.plugin.SerenityReporter -- Running feature from file:///home/hafidz/Documents/Belajar/Alterra_Qualiry_Engineer/QE_Muhammad_Hafidz/Miniproject/Web%20Testing/src/test/resources/features/ReadInformation.feature
21:53:12.304 [main] INFO  -- 
  _____   ___   ___   _____     ___   _____     _     ___   _____   ___   ___  
 |_   _| | __| / __| |_   _|   / __| |_   _|   /_\   | _ \ |_   _| | __| |   \ 
   | |   | _|  \__ \   | |     \__ \   | |    / _ \  |   /   | |   | _|  | |) |
   |_|   |___| |___/   |_|     |___/   |_|   /_/ \_\ |_|_\   |_|   |___| |___/ 

I can read Information(read-information;i-can-read-information)
--------------------------------------------------------------------------------
21:53:12.473 [main] INFO net.serenitybdd.core.webdriver.driverproviders.ChromeDriverProvider -- Starting Chrome driver instance with capabilities:
21:53:12.473 [main] INFO net.serenitybdd.core.webdriver.driverproviders.ChromeDriverProvider -- Capabilities {acceptInsecureCerts: false, browserName: chrome, goog:chromeOptions: {args: [remote-allow-origins=*], extensions: []}}
21:53:14.255 [main] DEBUG net.serenitybdd.core.photography.Darkroom -- Opening darkroom
21:53:14.256 [Darkroom Processing Line] DEBUG net.serenitybdd.core.photography.DarkroomProcessingLine -- Darkroom processing line starting up
21:53:14.569 [main] DEBUG net.serenitybdd.core.photography.Darkroom -- Send negative for processing for /home/hafidz/Documents/Belajar/Alterra_Qualiry_Engineer/QE_Muhammad_Hafidz/Miniproject/Web Testing/target/site/serenity/cd31d9dfa9006bce0eda9099d6c1898099921e4a20dca46282b695a7117eb40b.png
21:53:14.570 [main] DEBUG net.thucydides.core.steps.StepInterceptor -- STARTING STEP: CreateABook.iAmOnTheMainPage - VerifyThatImOnTheMainPage
21:53:14.842 [main] DEBUG net.serenitybdd.core.photography.Darkroom -- Send negative for processing for /home/hafidz/Documents/Belajar/Alterra_Qualiry_Engineer/QE_Muhammad_Hafidz/Miniproject/Web Testing/target/site/serenity/22731a5e6641755e32c8dc3959420cfbd71d245919e1d960596a1a72e571df22.png
21:53:14.842 [main] DEBUG net.thucydides.core.steps.StepInterceptor -- STEP DONE: VerifyThatImOnTheMainPage
21:53:14.842 [Darkroom Processing Line] DEBUG net.serenitybdd.core.photography.DarkroomProcessingLine -- Processing screenshot image in /var/screenshots/screenshot-9984349092991246381
21:53:14.842 [Darkroom Processing Line] DEBUG net.serenitybdd.core.photography.DarkroomProcessingLine -- Saving screenshot to /home/hafidz/Documents/Belajar/Alterra_Qualiry_Engineer/QE_Muhammad_Hafidz/Miniproject/Web Testing/target/site/serenity/22731a5e6641755e32c8dc3959420cfbd71d245919e1d960596a1a72e571df22.png
  &amp#27;[32mGiven &amp#27;[0m&amp#27;[32mI am on the main page&amp#27;[0m                &amp#27;[90m# starter.stepdefinitions.CreateABook.iAmOnTheMainPage()&amp#27;[0m
21:53:14.885 [main] DEBUG net.thucydides.core.steps.StepInterceptor -- STARTING STEP: GotoInformationPage.iClickTheIButton - ClickOnTheInformationPageButton
21:53:15.373 [main] DEBUG net.serenitybdd.core.photography.Darkroom -- Send negative for processing for /home/hafidz/Documents/Belajar/Alterra_Qualiry_Engineer/QE_Muhammad_Hafidz/Miniproject/Web Testing/target/site/serenity/2fa5ed643204357fe933ae50812bddce42e75a85769ab0d5c51aaddebf7c8809.png
21:53:15.373 [Darkroom Processing Line] DEBUG net.serenitybdd.core.photography.DarkroomProcessingLine -- Processing screenshot image in /var/screenshots/screenshot-2126529314178299518
21:53:15.374 [Darkroom Processing Line] DEBUG net.serenitybdd.core.photography.DarkroomProcessingLine -- Saving screenshot to /home/hafidz/Documents/Belajar/Alterra_Qualiry_Engineer/QE_Muhammad_Hafidz/Miniproject/Web Testing/target/site/serenity/2fa5ed643204357fe933ae50812bddce42e75a85769ab0d5c51aaddebf7c8809.png
21:53:15.374 [main] DEBUG net.thucydides.core.steps.StepInterceptor -- STEP DONE: ClickOnTheInformationPageButton
  &amp#27;[32mWhen &amp#27;[0m&amp#27;[32mI click the "i" button&amp#27;[0m                &amp#27;[90m# starter.stepdefinitions.GotoInformationPage.iClickTheIButton()&amp#27;[0m
21:53:15.678 [main] DEBUG net.serenitybdd.core.photography.Darkroom -- Send negative for processing for /home/hafidz/Documents/Belajar/Alterra_Qualiry_Engineer/QE_Muhammad_Hafidz/Miniproject/Web Testing/target/site/serenity/cae4b01562e1140a67cfef545d1db9131fa30f038ed350a0a356b635b6bbe190.png
21:53:15.678 [Darkroom Processing Line] DEBUG net.serenitybdd.core.photography.DarkroomProcessingLine -- Processing screenshot image in /var/screenshots/screenshot-11501855108182334063
21:53:15.678 [Darkroom Processing Line] DEBUG net.serenitybdd.core.photography.DarkroomProcessingLine -- Saving screenshot to /home/hafidz/Documents/Belajar/Alterra_Qualiry_Engineer/QE_Muhammad_Hafidz/Miniproject/Web Testing/target/site/serenity/cae4b01562e1140a67cfef545d1db9131fa30f038ed350a0a356b635b6bbe190.png
21:53:15.678 [main] DEBUG net.thucydides.core.steps.StepInterceptor -- STARTING STEP: EditABook.iAmDirectedToTheInformationPage - VerifyThatImOnBookInformartionPage
21:53:15.718 [main] DEBUG net.thucydides.core.steps.StepInterceptor -- STEP DONE: VerifyThatImOnBookInformartionPage
  &amp#27;[32mAnd &amp#27;[0m&amp#27;[32mI am directed to the Information Page&amp#27;[0m  &amp#27;[90m# starter.stepdefinitions.EditABook.iAmDirectedToTheInformationPage()&amp#27;[0m
21:53:15.914 [main] DEBUG net.serenitybdd.core.photography.Darkroom -- Send negative for processing for /home/hafidz/Documents/Belajar/Alterra_Qualiry_Engineer/QE_Muhammad_Hafidz/Miniproject/Web Testing/target/site/serenity/cae4b01562e1140a67cfef545d1db9131fa30f038ed350a0a356b635b6bbe190.png
21:53:15.915 [main] DEBUG net.thucydides.core.steps.StepInterceptor -- STARTING STEP: EditABook.iAmDirectedToTheInformationPage - VerifyThatImOnBookInformartionPage
21:53:15.957 [main] DEBUG net.thucydides.core.steps.StepInterceptor -- STEP DONE: VerifyThatImOnBookInformartionPage
  &amp#27;[32mThen &amp#27;[0m&amp#27;[32mI am directed to the Information Page&amp#27;[0m &amp#27;[90m# starter.stepdefinitions.EditABook.iAmDirectedToTheInformationPage()&amp#27;[0m
21:53:16.152 [main] DEBUG net.serenitybdd.core.photography.Darkroom -- Send negative for processing for /home/hafidz/Documents/Belajar/Alterra_Qualiry_Engineer/QE_Muhammad_Hafidz/Miniproject/Web Testing/target/site/serenity/cae4b01562e1140a67cfef545d1db9131fa30f038ed350a0a356b635b6bbe190.png
21:53:16.152 [main] INFO  -- 
  _____   ___   ___   _____     ___     _     ___   ___   ___   ___  
 |_   _| | __| / __| |_   _|   | _ \   /_\   / __| / __| | __| |   \ 
   | |   | _|  \__ \   | |     |  _/  / _ \  \__ \ \__ \ | _|  | |) |
   |_|   |___| |___/   |_|     |_|   /_/ \_\ |___/ |___/ |___| |___/ 

I can read Information
----------------------------------------------------------------------
]]></system-out>
    <system-err><![CDATA[Jun 28, 2024 9:53:13 PM org.openqa.selenium.devtools.CdpVersionFinder findNearestMatch
WARNING: Unable to find an exact match for CDP version 124, returning the closest version; found: 122; Please update to a Selenium version that supports CDP version 124
]]></system-err>
  </testcase>
</testsuite>