<?xml version="1.0" encoding="UTF-8" standalone="no"?><testsuite errors="1" failures="0" name="Get All User Information" skipped="0" tests="1" time="0.32" timestamp="2024-06-28 09:56:41"><testcase name=""><error message="Some exception during recording fields" type="java.lang.RuntimeException">Some exception during recording fields</error><system-err>Some exception during recording fields
net.serenitybdd.rest.filters.FieldsRecordingFilter.filter(FieldsRecordingFilter.java:53)
io.restassured.internal.filter.FilterContextImpl.next(FilterContextImpl.groovy:72)
io.restassured.filter.log.RequestLoggingFilter.filter(RequestLoggingFilter.java:148)
net.serenitybdd.rest.filters.FieldsRecordingFilter.filter(FieldsRecordingFilter.java:40)
io.restassured.internal.filter.FilterContextImpl.next(FilterContextImpl.groovy:72)
io.restassured.filter.log.RequestLoggingFilter.filter(RequestLoggingFilter.java:148)
net.serenitybdd.rest.filters.FieldsRecordingFilter.filter(FieldsRecordingFilter.java:40)
io.restassured.internal.filter.FilterContextImpl.next(FilterContextImpl.groovy:72)
io.restassured.filter.log.RequestLoggingFilter.filter(RequestLoggingFilter.java:148)
net.serenitybdd.rest.filters.FieldsRecordingFilter.filter(FieldsRecordingFilter.java:40)
io.restassured.internal.filter.FilterContextImpl.next(FilterContextImpl.groovy:72)
io.restassured.filter.log.RequestLoggingFilter.filter(RequestLoggingFilter.java:148)
net.serenitybdd.rest.filters.FieldsRecordingFilter.filter(FieldsRecordingFilter.java:40)
io.restassured.internal.filter.FilterContextImpl.next(FilterContextImpl.groovy:72)
io.restassured.filter.log.RequestLoggingFilter.filter(RequestLoggingFilter.java:148)
net.serenitybdd.rest.filters.FieldsRecordingFilter.filter(FieldsRecordingFilter.java:40)
io.restassured.internal.filter.FilterContextImpl.next(FilterContextImpl.groovy:72)
io.restassured.internal.RequestSpecificationImpl.applyPathParamsAndSendRequest(RequestSpecificationImpl.groovy:1704)
io.restassured.internal.RequestSpecificationImpl.this$2$applyPathParamsAndSendRequest(RequestSpecificationImpl.groovy)
groovy.lang.MetaMethod.doMethodInvoke(MetaMethod.java:328)
groovy.lang.MetaClassImpl.doInvokeMethod(MetaClassImpl.java:1332)
groovy.lang.MetaClassImpl.invokeMethod(MetaClassImpl.java:1087)
groovy.lang.MetaClassImpl.invokeMethod(MetaClassImpl.java:1006)
groovy.lang.MetaClassImpl.invokeMethod(MetaClassImpl.java:789)
io.restassured.internal.RequestSpecificationImpl.invokeMethod(RequestSpecificationImpl.groovy)
io.restassured.internal.RequestSpecificationImpl.applyPathParamsAndSendRequest(RequestSpecificationImpl.groovy:1710)
io.restassured.internal.RequestSpecificationImpl.this$2$applyPathParamsAndSendRequest(RequestSpecificationImpl.groovy)
groovy.lang.MetaMethod.doMethodInvoke(MetaMethod.java:328)
groovy.lang.MetaClassImpl.doInvokeMethod(MetaClassImpl.java:1332)
groovy.lang.MetaClassImpl.invokeMethod(MetaClassImpl.java:1087)
groovy.lang.MetaClassImpl.invokeMethod(MetaClassImpl.java:1006)
groovy.lang.MetaClassImpl.invokeMethod(MetaClassImpl.java:789)
io.restassured.internal.RequestSpecificationImpl.invokeMethod(RequestSpecificationImpl.groovy)
io.restassured.internal.RequestSpecificationImpl.get(RequestSpecificationImpl.groovy:172)
net.serenitybdd.rest.decorators.request.RequestSpecificationDecorated.executeCall(RequestSpecificationDecorated.java:311)
net.serenitybdd.rest.decorators.request.RequestSpecificationDecorated.execute(RequestSpecificationDecorated.java:268)
net.serenitybdd.rest.decorators.request.RequestSpecificationDecorated.get(RequestSpecificationDecorated.java:67)
net.serenitybdd.rest.decorators.request.RequestSpecificationDecorated.get(RequestSpecificationDecorated.java:38)
starter.user.Authentication.GetAllUserInformation.SendToServerAllUserInformationGetRequest(GetAllUserInformation.java:26)
starter.stepdefinitions.Authentication.P_Get_All_UserInformation.i_send_GET_request_to_retrieve_all_user_information(P_Get_All_UserInformation.java:19)
</system-err></testcase></testsuite>